Log file open, 09/04/16 13:25:42
LogInit:Display: Running engine for game: SpaceVR
LogPlatformFile: Not using cached read wrapper
LogInit:Display: RandInit(-295742312) SRandInit(-295742311).
LogTaskGraph: Started task graph with 4 named threads and 7 total threads with 1 sets of task threads.
LogStats: Stats thread started at 0.067915
LogHMD: Can't find Oculus library dev build: is proper Runtime installed? Version: 1.3.2
LogInit: Version: 4.12.3-3013449+++UE4+Release-4.12
LogInit: API Version: 2992821
LogInit: Net Version: 3013449
LogDevObjectVersion: Number of dev versions registered: 13
LogDevObjectVersion:   Dev-Blueprints (B0D832E4-1F89-4F0D-ACCF-7EB736FD4AA2): 3
LogDevObjectVersion:   Dev-Build (E1C64328-A22C-4D53-A36C-8E866417BD8C): 0
LogDevObjectVersion:   Dev-Core (375EC13C-06E4-48FB-B500-84F0262A717E): 1
LogDevObjectVersion:   Dev-Editor (E4B068ED-F494-42E9-A231-DA0B2E46BB41): 2
LogDevObjectVersion:   Dev-Framework (CFFC743F-43B0-4480-9391-14DF171D2073): 6
LogDevObjectVersion:   Dev-Mobile (B02B49B5-BB20-44E9-A304-32B752E40360): 0
LogDevObjectVersion:   Dev-Networking (A4E4105C-59A1-49B5-A7C5-40C4547EDFEE): 0
LogDevObjectVersion:   Dev-Online (39C831C9-5AE6-47DC-9A44-9C173E1C8E7C): 0
LogDevObjectVersion:   Dev-Physics (78F01B33-EBEA-4F98-B9B4-84EACCB95AA2): 0
LogDevObjectVersion:   Dev-Platform (6631380F-2D4D-43E0-8009-CF276956A95A): 0
LogDevObjectVersion:   Dev-Rendering (12F88B9F-8875-4AFC-A67C-D90C383ABD29): 2
LogDevObjectVersion:   Dev-Sequencer (7B5AE74C-D270-4C10-A958-57980B212A5A): 0
LogDevObjectVersion:   Dev-VR (D7296918-1DD6-4BDD-9DE2-64A83CC13884): 0
LogInit: Compiled (64-bit): Jun 14 2016 17:53:16
LogInit: Compiled with Visual C++: 19.00.23026.00
LogInit: Build Configuration: Development
LogInit: Branch Name: ++UE4+Release-4.12
LogInit: Command line:  
LogInit: Base directory: C:/Program Files/Epic Games/4.12/Engine/Binaries/Win64/
LogInit: Installed Engine Build: 1
LogInit: Using libcurl 7.41.0
LogInit:  - built for x86_64-pc-win32
LogInit:  - supports SSL with WinSSL
LogInit:  - other features:
LogInit:      CURL_VERSION_SSL
LogInit:      CURL_VERSION_IPV6
LogInit:      CURL_VERSION_ASYNCHDNS
LogInit:      CURL_VERSION_LARGEFILE
LogInit:      CURL_VERSION_IDN
LogInit:  CurlRequestOptions (configurable via config and command line):
LogInit:  - bVerifyPeer = true  - Libcurl will verify peer certificate
LogInit:  - bUseHttpProxy = false  - Libcurl will NOT use HTTP proxy
LogInit:  - bDontReuseConnections = false  - Libcurl will reuse connections
LogInit:  - CertBundlePath = nullptr  - Libcurl will use whatever was configured at build time.
LogInit: Presizing for max 8388607 objects, including 0 objects not considered by GC, pre-allocating 0 bytes for permanent pool.
LogInit: Object subsystem initialized
[2016.09.04-17.25.42:147][  0]LogInit: Selected Device Profile: [Windows]
[2016.09.04-17.25.42:147][  0]LogInit: Applying CVar settings loaded from the selected device profile: [Windows]
[2016.09.04-17.25.42:216][  0]LogInit: Computer: BALLS-PC
[2016.09.04-17.25.42:216][  0]LogInit: User: BALLS
[2016.09.04-17.25.42:216][  0]LogInit: CPU Page size=65536, Cores=4
[2016.09.04-17.25.42:216][  0]LogInit: High frequency timer resolution =3.515633 MHz
[2016.09.04-17.25.42:216][  0]LogMemory: Memory total: Physical=7.9GB (8GB approx)
[2016.09.04-17.25.42:216][  0]LogMemory: Platform Memory Stats for Windows
[2016.09.04-17.25.42:216][  0]LogMemory: Process Physical Memory: 192.81 MB used, 192.81 MB peak
[2016.09.04-17.25.42:216][  0]LogMemory: Process Virtual Memory: 195.25 MB used, 195.25 MB peak
[2016.09.04-17.25.42:216][  0]LogMemory: Physical Memory: 5041.98 MB used, 8138.55 MB total
[2016.09.04-17.25.42:216][  0]LogMemory: Virtual Memory: 555.50 MB used, 134217728.00 MB total
[2016.09.04-17.25.42:851][  0]LogTextLocalizationManager: No specific translations for ('en-US') exist, so ('en') translations will be used.
[2016.09.04-17.25.43:525][  0]LogD3D11RHI: D3D11 adapters:
[2016.09.04-17.25.43:970][  0]LogD3D11RHI:    0. 'NVIDIA GeForce GTX 970' (Feature Level 11_0)
[2016.09.04-17.25.43:970][  0]LogD3D11RHI:       4007/0/4069 MB DedicatedVideo/DedicatedSystem/SharedSystem, Outputs:2, VendorId:0x10de
[2016.09.04-17.25.43:971][  0]LogD3D11RHI:    1. 'Microsoft Basic Render Driver' (Feature Level 11_0)
[2016.09.04-17.25.43:971][  0]LogD3D11RHI:       0/0/4069 MB DedicatedVideo/DedicatedSystem/SharedSystem, Outputs:0, VendorId:0x1414
[2016.09.04-17.25.43:971][  0]LogD3D11RHI: Chosen D3D11 Adapter: 0
[2016.09.04-17.25.43:975][  0]LogD3D11RHI: Creating new Direct3DDevice
[2016.09.04-17.25.43:975][  0]LogD3D11RHI:     GPU DeviceId: 0x13c2 (for the marketing name, search the web for "GPU Device Id")
[2016.09.04-17.25.43:975][  0]LogWindows: EnumDisplayDevices:
[2016.09.04-17.25.43:975][  0]LogWindows:    0. 'NVIDIA GeForce GTX 970' (P:1 D:1)
[2016.09.04-17.25.43:976][  0]LogWindows:    1. 'NVIDIA GeForce GTX 970' (P:0 D:1)
[2016.09.04-17.25.43:976][  0]LogWindows:    2. 'NVIDIA GeForce GTX 970' (P:0 D:0)
[2016.09.04-17.25.43:976][  0]LogWindows:    3. 'NVIDIA GeForce GTX 970' (P:0 D:0)
[2016.09.04-17.25.43:976][  0]LogWindows: DebugString: FoundDriverCount:4 
[2016.09.04-17.25.43:976][  0]LogD3D11RHI:     Adapter Name: NVIDIA GeForce GTX 970
[2016.09.04-17.25.43:976][  0]LogD3D11RHI:   Driver Version: 368.22 (internal:10.18.13.6822, unified:368.22)
[2016.09.04-17.25.43:976][  0]LogD3D11RHI:      Driver Date: 5-19-2016
[2016.09.04-17.25.43:976][  0]LogRHI: Texture pool is 1361 MB (70% of 1945 MB)
[2016.09.04-17.25.44:386][  0]LogD3D11RHI: Async texture creation enabled
[2016.09.04-17.25.44:409][  0]LogD3D11RHI: GPU Timing Frequency: 1000.000000 (Debug: 2 1)
[2016.09.04-17.25.44:409][  0]LogShaderCompilers: Guid format shader working directory is -26 characters bigger than the processId version (../../../../../../Users/BALLS/Documents/Unreal Projects/SpaceVR/SpaceVR/Intermediate/Shaders/WorkingDirectory/12892/).
[2016.09.04-17.25.44:409][  0]LogShaderCompilers: Cleaned the shader compiler working directory 'C:/Users/BALLS/AppData/Local/Temp/UnrealShaderWorkingDir/D5D38DB8415932F6644AE08D05A298D6/'.
[2016.09.04-17.25.44:409][  0]LogShaderCompilers:Display: Using Local Shader Compiler.
[2016.09.04-17.25.53:081][  0]LogTemp:Display: Loaded TP AllDesktopTargetPlatform
[2016.09.04-17.25.53:088][  0]LogTemp:Display: Loaded TP WindowsClientTargetPlatform
[2016.09.04-17.25.53:095][  0]LogTemp:Display: Loaded TP WindowsNoEditorTargetPlatform
[2016.09.04-17.25.53:103][  0]LogTemp:Display: Loaded TP WindowsServerTargetPlatform
[2016.09.04-17.25.53:111][  0]LogTemp:Display: Loaded TP WindowsTargetPlatform
[2016.09.04-17.25.53:118][  0]LogTemp:Display: Loaded TP AndroidTargetPlatform
[2016.09.04-17.25.53:125][  0]LogTemp:Display: Loaded TP Android_ASTCTargetPlatform
[2016.09.04-17.25.53:131][  0]LogTemp:Display: Loaded TP Android_ATCTargetPlatform
[2016.09.04-17.25.53:138][  0]LogTemp:Display: Loaded TP Android_DXTTargetPlatform
[2016.09.04-17.25.53:145][  0]LogTemp:Display: Loaded TP Android_ETC1TargetPlatform
[2016.09.04-17.25.53:151][  0]LogTemp:Display: Loaded TP Android_ETC2TargetPlatform
[2016.09.04-17.25.53:164][  0]LogTemp:Display: Loaded TP Android_MultiTargetPlatform
[2016.09.04-17.25.53:164][  0]LogTemp:Display: Loaded TP Android_PVRTCTargetPlatform
[2016.09.04-17.25.53:165][  0]LogTemp:Display: Loaded TP HTML5TargetPlatform
[2016.09.04-17.25.53:185][  0]LogTemp:Display: Loaded TP IOSTargetPlatform
[2016.09.04-17.25.53:191][  0]LogTemp:Display: Loaded TP TVOSTargetPlatform
[2016.09.04-17.25.53:197][  0]LogTemp:Display: Loaded TP LinuxNoEditorTargetPlatform
[2016.09.04-17.25.53:203][  0]LogTemp:Display: Loaded TP LinuxServerTargetPlatform
[2016.09.04-17.25.53:230][  0]LogTemp:Display: Loaded TP LinuxTargetPlatform
[2016.09.04-17.25.53:230][  0]LogTargetPlatformManager:Display: Building Assets For Windows
[2016.09.04-17.25.53:281][  0]LogDerivedDataCache:Display: Max Cache Size: 512 MB
[2016.09.04-17.25.53:324][  0]LogDerivedDataCache: Loaded boot cache 0.04s 48MB C:/Users/BALLS/AppData/Local/UnrealEngine/4.12/DerivedDataCache/Boot.ddc.
[2016.09.04-17.25.53:324][  0]LogDerivedDataCache:Display: Loaded Boot cache: C:/Users/BALLS/AppData/Local/UnrealEngine/4.12/DerivedDataCache/Boot.ddc
[2016.09.04-17.25.53:324][  0]LogDerivedDataCache: FDerivedDataBackendGraph:  Pak pak cache file ../../../../../../Users/BALLS/Documents/Unreal Projects/SpaceVR/SpaceVR/DerivedDataCache/DDC.ddp not found, will not use a pak cache.
[2016.09.04-17.25.53:324][  0]LogDerivedDataCache: Unable to find inner node Pak for hierarchical cache Hierarchy.
[2016.09.04-17.25.53:325][  0]LogDerivedDataCache: FDerivedDataBackendGraph:  CompressedPak pak cache file ../../../../../../Users/BALLS/Documents/Unreal Projects/SpaceVR/SpaceVR/DerivedDataCache/Compressed.ddp not found, will not use a pak cache.
[2016.09.04-17.25.53:325][  0]LogDerivedDataCache: Unable to find inner node CompressedPak for hierarchical cache Hierarchy.
[2016.09.04-17.25.53:341][  0]LogDerivedDataCache:Display: Pak cache opened for reading ../../../Engine/DerivedDataCache/Compressed.ddp.
[2016.09.04-17.25.53:353][  0]LogDerivedDataCache: Using Local data cache path C:/Users/BALLS/AppData/Local/UnrealEngine/Common/DerivedDataCache: Writable
[2016.09.04-17.25.53:861][  0]LogInit: Selected Device Profile: [Windows]
[2016.09.04-17.25.53:861][  0]LogContentStreaming: Texture pool size is 0.00 MB
[2016.09.04-17.25.53:986][  0]LogMeshUtilities: No automatic mesh reduction module available
[2016.09.04-17.25.53:986][  0]LogMeshUtilities: No automatic mesh merging module available
[2016.09.04-17.25.53:986][  0]LogMeshUtilities: No distributed automatic mesh merging module available
[2016.09.04-17.25.54:240][  0]LogAssetRegistry: FAssetRegistry took 0.0218 seconds to start up
[2016.09.04-17.25.54:267][  0]LogPackageLocalizationCache: Processed 3 localized package path(s) for 2 prioritized culture(s) in 0.025021 seconds
[2016.09.04-17.25.54:271][  0]LogUObjectArray: 28739 objects as part of root set at end of initial load.
[2016.09.04-17.25.54:271][  0]LogUObjectAllocator: 5855624 out of 0 bytes used by permanent object pool.
[2016.09.04-17.25.54:271][  0]LogUObjectArray: CloseDisregardForGC: 0/0 objects in disregard for GC pool
[2016.09.04-17.25.54:304][  0]LogInit: WinSock: version 1.1 (2.2), MaxSocks=32767, MaxUdp=65467
[2016.09.04-17.25.54:899][  0]LogSlate: SlateFontCache - WITH_FREETYPE: 1, WITH_HARFBUZZ: 1
[2016.09.04-17.25.54:899][  0]LogSlate: SlateFontCache - WITH_FREETYPE: 1, WITH_HARFBUZZ: 1
[2016.09.04-17.26.23:342][  0]LogUdpMessaging: Initializing bridge on interface 0.0.0.0:0 to multicast group 230.0.0.1:6666.
[2016.09.04-17.26.27:278][  0]SourceControl: Info Source control is disabled
[2016.09.04-17.26.27:367][  0]SourceControl: Info Source control is disabled
[2016.09.04-17.26.27:545][  0]SourceControl: Info Source control is disabled
[2016.09.04-17.26.27:628][  0]SourceControl: Info Source control is disabled
[2016.09.04-17.26.31:585][  0]LogEngine: Initializing Engine...
[2016.09.04-17.26.33:384][  0]LogHMD: SteamVR failed to initialize.  Err: 126
[2016.09.04-17.26.33:646][  0]LogHMD: SteamVR failed to initialize.  Err: 126
[2016.09.04-17.26.35:720][  0]LogAIModule: Creating AISystem for world NewWorld
[2016.09.04-17.26.36:251][  0]LogInit: XAudio2 using 'Speakers (Realtek High Definition Audio)' : 2 channels at 48 kHz using 32 bits per sample (channel mask 0x3)
[2016.09.04-17.26.37:212][  0]LogInit: FAudioDevice initialized.
[2016.09.04-17.26.37:253][  0]LogDerivedDataCache:Error: Could not save memory cache C:/Users/BALLS/AppData/Local/UnrealEngine/4.12/DerivedDataCache/Boot.ddc.
[2016.09.04-17.26.37:260][  0]LogInit: Texture streaming: Enabled
[2016.09.04-17.26.38:116][  0]LogInit: Transaction tracking system initialized
[2016.09.04-17.26.38:835][  0]BlueprintLog: New page: Editor Load
[2016.09.04-17.26.42:241][  0]LocalizationService: Info Localization service is disabled
[2016.09.04-17.26.43:791][  0]LogConsoleResponse:Display: 
[2016.09.04-17.26.46:694][  0]LogFileCache: Scanning file cache for directory 'C:/Users/BALLS/Documents/Unreal Projects/SpaceVR/SpaceVR/Content/' took 0.02s
[2016.09.04-17.26.46:694][  0]LogCook:Display: Max memory allowance for cook 8192mb
[2016.09.04-17.26.46:694][  0]LogCook:Display: Mobile HDR setting 1
[2016.09.04-17.26.48:161][  0]SourceControl: Info Source control is disabled
[2016.09.04-17.26.48:176][  0]Cmd: MAP LOAD FILE="../../../../../../Users/BALLS/Documents/Unreal Projects/SpaceVR/SpaceVR/Content/FlyingBP/Maps/FlyingExampleMap.umap" TEMPLATE=0 SHOWPROGRESS=1 FEATURELEVEL=3
[2016.09.04-17.26.48:234][  0]LightingResults: New page: Lighting Build
[2016.09.04-17.26.48:320][  0]MapCheck: New page: Map Check
[2016.09.04-17.26.48:320][  0]LightingResults: New page: Lighting Build
[2016.09.04-17.26.59:496][  0]LogDerivedDataCache:Warning: C:/Users/BALLS/AppData/Local/UnrealEngine/Common/DerivedDataCache is very slow (0.00MB/s) when accessing C:/Users/BALLS/AppData/Local/UnrealEngine/Common/DerivedDataCache/5/4/7/TEXTURE_814DCC3DC72143F49509781513CB9855_BGRA8_017E72834BC6A481B9D2E7B57B15158__033B40A7CD6EDB2A8C5BEC6C104D9FF39FAE99B1.udd, consider disabling it.
[2016.09.04-17.27.00:186][  0]LogAIModule: Creating AISystem for world FlyingExampleMap
[2016.09.04-17.27.02:551][  0]LogEditorServer: Finished looking for orphan Actors (0.041 secs)
[2016.09.04-17.27.02:951][  0]Cmd: MAP CHECKDEP NOCLEARLOG
[2016.09.04-17.27.03:039][  0]MapCheck: Info Map check complete: 0 Error(s), 0 Warning(s), took 52.516ms to complete.
[2016.09.04-17.27.03:039][  0]LogFileHelpers: Loading map 'FlyingExampleMap' took 14.863
[2016.09.04-17.27.07:120][  0]LogCollectionManager: Loaded 0 collections in 0.020581 seconds
[2016.09.04-17.27.07:972][  0]LogFileCache: Scanning file cache for directory 'C:/Users/BALLS/Documents/Unreal Projects/SpaceVR/SpaceVR/Saved/Collections/' took 0.01s
[2016.09.04-17.27.07:972][  0]LogFileCache: Scanning file cache for directory 'C:/Users/BALLS/Documents/Unreal Projects/SpaceVR/SpaceVR/Content/Developers/BALLS/Collections/' took 0.01s
[2016.09.04-17.27.07:972][  0]LogFileCache: Scanning file cache for directory 'C:/Users/BALLS/Documents/Unreal Projects/SpaceVR/SpaceVR/Content/Collections/' took 0.01s
[2016.09.04-17.27.07:972][  0]LogCollectionManager: Rebuilt the GUID cache for 0 collections in 0.000003 seconds
[2016.09.04-17.27.08:129][  0]LogContentBrowser: Native class hierarchy populated in 0.0962 seconds. Added 2047 classes and 369 folders.
[2016.09.04-17.27.08:506][  0]LogStats: UGameplayTagsManager::ConstructGameplayTagTree: Construct from data asset -  0.009 s
[2016.09.04-17.27.08:506][  0]LogStats: UGameplayTagsManager::ConstructGameplayTagTree: GameplayTagTreeChangedEvent.Broadcast -  0.001 s
[2016.09.04-17.27.08:511][  0]LogContentBrowser: Native class hierarchy updated for 'GameplayTags' in 0.0004 seconds. Added 12 classes and 0 folders.
[2016.09.04-17.27.08:692][  0]LogContentBrowser: Native class hierarchy updated for 'WidgetCarousel' in 0.0004 seconds. Added 0 classes and 0 folders.
[2016.09.04-17.27.12:419][  0]LogContentBrowser: Native class hierarchy updated for 'AddContentDialog' in 0.0004 seconds. Added 0 classes and 0 folders.
[2016.09.04-17.27.12:755][  0]LogContentBrowser: Native class hierarchy updated for 'SceneOutliner' in 0.0004 seconds. Added 1 classes and 2 folders.
[2016.09.04-17.27.13:846][  0]LogCrashTracker: Crashtracker disabled due to settings.
[2016.09.04-17.27.14:150][  0]LogUObjectGlobals:Warning: Failed to find object 'Class None.'
[2016.09.04-17.27.14:426][  0]LogContentBrowser: Native class hierarchy updated for 'HierarchicalLODOutliner' in 0.0004 seconds. Added 1 classes and 2 folders.
[2016.09.04-17.27.14:427][  0]LogLoad: Full Startup: 92.90 seconds (BP compile: 0.21 seconds)
[2016.09.04-17.27.14:427][  0]LogExternalProfiler: Found external profiler: VSPerf
[2016.09.04-17.27.14:427][  0]LogExternalProfiler: Using external profiler: VSPerf
[2016.09.04-17.27.14:474][  0]LogOcInput: OculusInput pre-init called
[2016.09.04-17.27.14:474][  0]LogOcInput: Can't find Oculus library dev build: is proper Runtime installed? Version: 1.3.2
[2016.09.04-17.27.15:267][  0]LogContentStreaming: Texture pool size now 1000 MB
[2016.09.04-17.27.16:945][  0]LogRenderer: Reallocating scene render targets to support 1208x600 (Frame:2).
[2016.09.04-17.27.18:752][  5]LogAssetRegistry: Asset discovery search completed in 84.5332 seconds
[2016.09.04-17.27.18:752][  5]LogCollectionManager: Rebuilt the object cache for 0 collections in 0.000001 seconds (found 0 objects)
[2016.09.04-17.27.18:752][  5]LogCollectionManager: Fixed up redirectors for 0 collections in 0.000016 seconds (updated 0 objects)
[2016.09.04-17.27.28:779][116]LogDerivedDataCache:Warning: C:/Users/BALLS/AppData/Local/UnrealEngine/Common/DerivedDataCache is very slow (0.00MB/s) when accessing C:/Users/BALLS/AppData/Local/UnrealEngine/Common/DerivedDataCache/4/9/5/TEXTURE_814DCC3DC72143F49509781513CB9855_BGRA8_017E72834BC6A481B9D2E7B57B15158__6D829488C3EF91BC7A1CBE9F2A8EEB47433609D9.udd, consider disabling it.
[2016.09.04-17.27.55:183][884]LightingResults: New page: Lighting Build
[2016.09.04-17.27.55:185][884]MapCheck: New page: Map Check
[2016.09.04-17.27.55:185][884]LightingResults: New page: Lighting Build
[2016.09.04-17.27.55:265][884]LogAIModule: Creating AISystem for world NewWorld
[2016.09.04-17.27.55:367][884]LoadErrors: New page: New Map
[2016.09.04-17.28.22:241][347]LogAssetTools:Warning: Failed to import 'C:\Users\BALLS\Desktop\Blender Objects\test-pipe.stl'. Unknown extension 'stl'.
[2016.09.04-17.30.34:982][744]LogFactory: FactoryCreateFile: StaticMesh with FbxFactory (0 0 C:\Users\BALLS\Desktop\Blender Objects\giantoceantunnel\test-pipe.fbx)
[2016.09.04-17.30.35:075][744]LogFbx: ItemName: GlobalSettings, ItemCount : 1
[2016.09.04-17.30.35:075][744]LogFbx: ItemName: NodeAttribute, ItemCount : 2
[2016.09.04-17.30.35:075][744]LogFbx: ItemName: Geometry, ItemCount : 1
[2016.09.04-17.30.35:075][744]LogFbx: ItemName: Model, ItemCount : 3
[2016.09.04-17.30.35:099][744]LogFbx: Loading FBX Scene from C:\Users\BALLS\Desktop\Blender Objects\giantoceantunnel\test-pipe.fbx
[2016.09.04-17.30.35:117][744]LogFbx: FBX Scene Loaded Succesfully
[2016.09.04-17.30.40:870][744]LogFbx: Loading FBX Scene from C:\Users\BALLS\Desktop\Blender Objects\giantoceantunnel\test-pipe.fbx
[2016.09.04-17.30.40:877][744]LogFbx: FBX Scene Loaded Succesfully
[2016.09.04-17.30.40:924][744]LogStaticMesh: Building static mesh test-pipe...
[2016.09.04-17.30.40:997][744]LogStaticMesh: Built static mesh [0.11s] /Game/Geometry/test-pipe.test-pipe
[2016.09.04-17.30.41:019][744]LogStaticMesh:Warning: test-pipe has degenerate tangent bases which will result in incorrect shading.  MikkTSpace relies on tangent bases and may result in mesh corruption, consider disabling this option.
[2016.09.04-17.30.41:036][744]FBXImport:Warning: Warning Warning: No smoothing group information was found in this FBX scene.  Please make sure to enable the 'Export Smoothing Groups' option in the FBX Exporter plug-in before exporting the file.  Even for tools that don't support smoothing groups, the FBX Exporter will generate appropriate smoothing data at export-time so that correct vertex normals can be inferred while importing. 
[2016.09.04-17.30.41:036][744]FBXImport:Warning: Warning test-pipe has degenerate tangent bases which will result in incorrect shading.  MikkTSpace relies on tangent bases and may result in mesh corruption, consider disabling this option. 
[2016.09.04-17.30.45:764][295]LogActorFactory: Actor Factory created test-pipe
[2016.09.04-17.30.46:431][372]LogActorFactory: Actor Factory created test-pipe
[2016.09.04-17.31.27:227][189]Cmd: OBJ SAVEPACKAGE PACKAGE="/Game/Test-Map" FILE="../../../../../../Users/BALLS/Documents/Unreal Projects/SpaceVR/SpaceVR/Content/Test-Map.umap" SILENT=true AUTOSAVING=false KEEPDIRTY=false
[2016.09.04-17.31.27:259][189]LogSavePackage: Save=8.34ms
[2016.09.04-17.31.27:259][189]LogSavePackage: Moving '../../../../../../Users/BALLS/Documents/Unreal Projects/SpaceVR/SpaceVR/Saved/Test-MapB580E2624606E09CDE6CA59D96E79113.tmp' to '../../../../../../Users/BALLS/Documents/Unreal Projects/SpaceVR/SpaceVR/Content/Test-Map.umap'
[2016.09.04-17.31.27:263][189]LogSavePackage:Display: Finished SavePackage ../../../../../../Users/BALLS/Documents/Unreal Projects/SpaceVR/SpaceVR/Content/Test-Map.umap
[2016.09.04-17.31.27:348][189]LogFileHelpers: Saving map 'Test-Map' took 1.157
[2016.09.04-17.31.58:540][932]LogText:Warning: Failed to parse argument "GameModeName" as a number (using "0" as a fallback). Please check your format string for errors: "GameMode: Edit {GameModeName}".
[2016.09.04-17.32.35:228][254]LogContentBrowser: Native class hierarchy updated for 'BlueprintGraph' in 0.0007 seconds. Added 111 classes and 0 folders.
[2016.09.04-17.32.36:037][254]LogRenderer: Reallocating scene render targets to support 1208x744 (Frame:17383).
[2016.09.04-17.33.25:065][ 35]LogObjectTools:Warning: ForceReplaceReferences replaced references for a transient object 'DEADCLASS_test-pipe_Blueprint_C_1' or package '/Engine/Transient'.
[2016.09.04-17.33.25:065][ 35]LogObjectTools:Warning: ForceReplaceReferences replaced references for a transient object 'DEADCLASS_test-pipe_Blueprint_C_0' or package '/Engine/Transient'.
[2016.09.04-17.33.25:065][ 35]LogObjectTools:Warning: ForceReplaceReferences replaced references for a transient object 'REINST_SKEL_test-pipe_Blueprint_C_50' or package '/Engine/Transient'.
[2016.09.04-17.33.25:065][ 35]LogObjectTools:Warning: ForceReplaceReferences replaced references for a transient object 'REINST_test-pipe_Blueprint_C_49' or package '/Engine/Transient'.
[2016.09.04-17.36.51:531][243]LogEditorViewport: Clicking Background
[2016.09.04-17.36.52:976][416]LogText:Warning: Failed to parse argument "GameModeName" as a number (using "0" as a fallback). Please check your format string for errors: "GameMode: Edit {GameModeName}".
[2016.09.04-17.36.58:339][ 50]LogEditorViewport: Clicking Background
[2016.09.04-17.36.59:180][150]LogActorFactory: Actor Factory created test-pipe
[2016.09.04-17.36.59:791][223]LogActorFactory: Actor Factory created test-pipe
[2016.09.04-17.37.01:091][376]LogText:Warning: Failed to parse argument "GameModeName" as a number (using "0" as a fallback). Please check your format string for errors: "GameMode: Edit {GameModeName}".
[2016.09.04-17.37.25:914][121]LogText:Warning: Failed to parse argument "GameModeName" as a number (using "0" as a fallback). Please check your format string for errors: "GameMode: Edit {GameModeName}".
[2016.09.04-17.39.44:508][399]LogEditorViewport: Clicking Background
[2016.09.04-17.39.45:103][469]LogEditorViewport: Clicking on Actor (LMB): StaticMeshActor (test-pipe)
[2016.09.04-17.39.48:094][791]LogEditorViewport: Clicking on Actor (LMB): StaticMeshActor (test-pipe)
[2016.09.04-17.39.48:374][824]Cmd: DELETE
[2016.09.04-17.39.48:374][824]Cmd: ACTOR DELETE
[2016.09.04-17.39.48:375][824]LogEditorActor: Deleted Actor: StaticMeshActor
[2016.09.04-17.39.48:419][824]LogEditorActor: Deleted 1 Actors (0.045 secs)
[2016.09.04-17.41.02:885][969]BlueprintLog: New page: Compile test-pipe
[2016.09.04-17.41.03:066][969]BlueprintEditorCompileResults: Info [0921.54] Compile of test-pipe successful! [in 180 ms] (/Game/FlyingBP/Blueprints/test-pipe.test-pipe)
[2016.09.04-17.41.03:714][ 32]Cmd: OBJ SAVEPACKAGE PACKAGE="/Game/FlyingBP/Blueprints/test-pipe" FILE="../../../../../../Users/BALLS/Documents/Unreal Projects/SpaceVR/SpaceVR/Content/FlyingBP/Blueprints/test-pipe.uasset" SILENT=true
[2016.09.04-17.41.03:733][ 32]LogSavePackage: Save=17.51ms
[2016.09.04-17.41.03:733][ 32]LogSavePackage: Moving '../../../../../../Users/BALLS/Documents/Unreal Projects/SpaceVR/SpaceVR/Saved/test-pipe61AEAEF64231447768CCC1AE9BCA9019.tmp' to '../../../../../../Users/BALLS/Documents/Unreal Projects/SpaceVR/SpaceVR/Content/FlyingBP/Blueprints/test-pipe.uasset'
[2016.09.04-17.41.03:735][ 32]LogSavePackage:Display: Finished SavePackage ../../../../../../Users/BALLS/Documents/Unreal Projects/SpaceVR/SpaceVR/Content/FlyingBP/Blueprints/test-pipe.uasset
[2016.09.04-17.41.46:629][885]LogActorComponent: UnregisterComponent: (/Engine/Transient.EditorFloorComp) Not registered. Aborting.
[2016.09.04-17.41.46:6