Log file open, 08/25/16 00:11:34
LogInit:Display: Running engine for game: SpaceVR
LogPlatformFile: Not using cached read wrapper
LogInit:Display: RandInit(-833906052) SRandInit(-833906046).
LogTaskGraph: Started task graph with 4 named threads and 5 total threads with 1 sets of task threads.
LogStats: Stats thread started at 0.048027
LogInit: Version: 4.12.5-3039270+++UE4+Release-4.12
LogInit: API Version: 2992821
LogInit: Net Version: 3039270
LogDevObjectVersion: Number of dev versions registered: 13
LogDevObjectVersion:   Dev-Blueprints (B0D832E4-1F89-4F0D-ACCF-7EB736FD4AA2): 3
LogDevObjectVersion:   Dev-Build (E1C64328-A22C-4D53-A36C-8E866417BD8C): 0
LogDevObjectVersion:   Dev-Core (375EC13C-06E4-48FB-B500-84F0262A717E): 1
LogDevObjectVersion:   Dev-Editor (E4B068ED-F494-42E9-A231-DA0B2E46BB41): 2
LogDevObjectVersion:   Dev-Framework (CFFC743F-43B0-4480-9391-14DF171D2073): 6
LogDevObjectVersion:   Dev-Mobile (B02B49B5-BB20-44E9-A304-32B752E40360): 0
LogDevObjectVersion:   Dev-Networking (A4E4105C-59A1-49B5-A7C5-40C4547EDFEE): 0
LogDevObjectVersion:   Dev-Online (39C831C9-5AE6-47DC-9A44-9C173E1C8E7C): 0
LogDevObjectVersion:   Dev-Physics (78F01B33-EBEA-4F98-B9B4-84EACCB95AA2): 0
LogDevObjectVersion:   Dev-Platform (6631380F-2D4D-43E0-8009-CF276956A95A): 0
LogDevObjectVersion:   Dev-Rendering (12F88B9F-8875-4AFC-A67C-D90C383ABD29): 2
LogDevObjectVersion:   Dev-Sequencer (7B5AE74C-D270-4C10-A958-57980B212A5A): 0
LogDevObjectVersion:   Dev-VR (D7296918-1DD6-4BDD-9DE2-64A83CC13884): 0
LogInit: Compiled (64-bit): Jul  6 2016 09:09:46
LogInit: Compiled with Visual C++: 19.00.23026.00
LogInit: Build Configuration: Development
LogInit: Branch Name: ++UE4+Release-4.12
LogInit: Command line:  
LogInit: Base directory: C:/Program Files (x86)/Epic Games/4.12/Engine/Binaries/Win64/
LogInit: Installed Engine Build: 1
LogInit: Using libcurl 7.41.0
LogInit:  - built for x86_64-pc-win32
LogInit:  - supports SSL with WinSSL
LogInit:  - other features:
LogInit:      CURL_VERSION_SSL
LogInit:      CURL_VERSION_IPV6
LogInit:      CURL_VERSION_ASYNCHDNS
LogInit:      CURL_VERSION_LARGEFILE
LogInit:      CURL_VERSION_IDN
LogInit:  CurlRequestOptions (configurable via config and command line):
LogInit:  - bVerifyPeer = true  - Libcurl will verify peer certificate
LogInit:  - bUseHttpProxy = false  - Libcurl will NOT use HTTP proxy
LogInit:  - bDontReuseConnections = false  - Libcurl will reuse connections
LogInit:  - CertBundlePath = nullptr  - Libcurl will use whatever was configured at build time.
LogInit: Presizing for max 8388607 objects, including 0 objects not considered by GC, pre-allocating 0 bytes for permanent pool.
LogInit: Object subsystem initialized
[2016.08.25-04.11.34:869][  0]LogInit: Selected Device Profile: [Windows]
[2016.08.25-04.11.34:869][  0]LogInit: Applying CVar settings loaded from the selected device profile: [Windows]
[2016.08.25-04.11.34:876][  0]LogInit: Computer: USER-PC
[2016.08.25-04.11.34:876][  0]LogInit: User: USER
[2016.08.25-04.11.34:876][  0]LogInit: CPU Page size=65536, Cores=2
[2016.08.25-04.11.34:876][  0]LogInit: High frequency timer resolution =3.125039 MHz
[2016.08.25-04.11.34:876][  0]LogMemory: Memory total: Physical=7.9GB (8GB approx)
[2016.08.25-04.11.34:876][  0]LogMemory: Platform Memory Stats for Windows
[2016.08.25-04.11.34:876][  0]LogMemory: Process Physical Memory: 189.55 MB used, 189.55 MB peak
[2016.08.25-04.11.34:876][  0]LogMemory: Process Virtual Memory: 195.25 MB used, 195.25 MB peak
[2016.08.25-04.11.34:876][  0]LogMemory: Physical Memory: 2595.25 MB used, 8053.58 MB total
[2016.08.25-04.11.34:876][  0]LogMemory: Virtual Memory: 520.06 MB used, 8388608.00 MB total
[2016.08.25-04.11.35:396][  0]LogD3D11RHI: D3D11 adapters:
[2016.08.25-04.11.35:407][  0]LogD3D11RHI:    0. 'NVIDIA GeForce GTX 770' (Feature Level 11_0)
[2016.08.25-04.11.35:407][  0]LogD3D11RHI:       1990/0/2048 MB DedicatedVideo/DedicatedSystem/SharedSystem, Outputs:1, VendorId:0x10de
[2016.08.25-04.11.35:541][  0]LogD3D11RHI:    1. 'Intel(R) HD Graphics' (Feature Level 11_0)
[2016.08.25-04.11.35:541][  0]LogD3D11RHI:       64/0/1632 MB DedicatedVideo/DedicatedSystem/SharedSystem, Outputs:0, VendorId:0x8086
[2016.08.25-04.11.35:541][  0]LogD3D11RHI: Chosen D3D11 Adapter: 0
[2016.08.25-04.11.35:628][  0]LogD3D11RHI: Creating new Direct3DDevice
[2016.08.25-04.11.35:629][  0]LogD3D11RHI:     GPU DeviceId: 0x1184 (for the marketing name, search the web for "GPU Device Id")
[2016.08.25-04.11.35:629][  0]LogWindows: EnumDisplayDevices:
[2016.08.25-04.11.35:629][  0]LogWindows:    0. 'NVIDIA GeForce GTX 770' (P:1 D:1)
[2016.08.25-04.11.35:629][  0]LogWindows:    1. 'NVIDIA GeForce GTX 770' (P:0 D:0)
[2016.08.25-04.11.35:629][  0]LogWindows:    2. 'NVIDIA GeForce GTX 770' (P:0 D:0)
[2016.08.25-04.11.35:629][  0]LogWindows:    3. 'NVIDIA GeForce GTX 770' (P:0 D:0)
[2016.08.25-04.11.35:629][  0]LogWindows:    4. 'Intel(R) HD Graphics' (P:0 D:0)
[2016.08.25-04.11.35:629][  0]LogWindows:    5. 'Intel(R) HD Graphics' (P:0 D:0)
[2016.08.25-04.11.35:629][  0]LogWindows:    6. 'Intel(R) HD Graphics' (P:0 D:0)
[2016.08.25-04.11.35:629][  0]LogWindows:    7. 'RDPDD Chained DD' (P:0 D:0)
[2016.08.25-04.11.35:630][  0]LogWindows:    8. 'RDP Encoder Mirror Driver' (P:0 D:0)
[2016.08.25-04.11.35:630][  0]LogWindows:    9. 'RDP Reflector Display Driver' (P:0 D:0)
[2016.08.25-04.11.35:630][  0]LogWindows: DebugString: PrimaryIsNotTheChoosenAdapter PrimaryIsNotTheChoosenAdapter PrimaryIsNotTheChoosenAdapter GetVideoDriverDetailsInvalid PrimaryIsNotTheChoosenAdapter GetVideoDriverDetailsInvalid PrimaryIsNotTheChoosenAdapter GetVideoDriverDetailsInvalid PrimaryIsNotTheChoosenAdapter FoundDriverCount:4 
[2016.08.25-04.11.35:630][  0]LogD3D11RHI:     Adapter Name: NVIDIA GeForce GTX 770
[2016.08.25-04.11.35:630][  0]LogD3D11RHI:   Driver Version: 353.06 (internal:9.18.13.5306, unified:353.06)
[2016.08.25-04.11.35:630][  0]LogD3D11RHI:      Driver Date: 5-27-2015
[2016.08.25-04.11.35:630][  0]LogRHI: Texture pool is 1361 MB (70% of 1945 MB)
[2016.08.25-04.11.35:637][  0]LogD3D11RHI: Async texture creation enabled
[2016.08.25-04.11.35:652][  0]LogD3D11RHI: GPU Timing Frequency: 1000.000000 (Debug: 2 2)
[2016.08.25-04.11.35:652][  0]LogShaderCompilers: Guid format shader working directory is -17 characters bigger than the processId version (../../../../../../Users/USER/Documents/Unreal Projects/SpaceVR/Intermediate/Shaders/WorkingDirectory/6080/).
[2016.08.25-04.11.35:652][  0]LogShaderCompilers: Cleaned the shader compiler working directory 'C:/Users/USER/AppData/Local/Temp/UnrealShaderWorkingDir/BDC56199441F199D4F9EB29180EFD8F8/'.
[2016.08.25-04.11.35:652][  0]LogShaderCompilers:Display: Using Local Shader Compiler.
[2016.08.25-04.11.40:009][  0]LogTemp:Display: Loaded TP AllDesktopTargetPlatform
[2016.08.25-04.11.40:024][  0]LogTemp:Display: Loaded TP WindowsClientTargetPlatform
[2016.08.25-04.11.40:038][  0]LogTemp:Display: Loaded TP WindowsNoEditorTargetPlatform
[2016.08.25-04.11.40:046][  0]LogTemp:Display: Loaded TP WindowsServerTargetPlatform
[2016.08.25-04.11.40:054][  0]LogTemp:Display: Loaded TP WindowsTargetPlatform
[2016.08.25-04.11.40:061][  0]LogTemp:Display: Loaded TP AndroidTargetPlatform
[2016.08.25-04.11.40:069][  0]LogTemp:Display: Loaded TP Android_ASTCTargetPlatform
[2016.08.25-04.11.40:076][  0]LogTemp:Display: Loaded TP Android_ATCTargetPlatform
[2016.08.25-04.11.40:083][  0]LogTemp:Display: Loaded TP Android_DXTTargetPlatform
[2016.08.25-04.11.40:091][  0]LogTemp:Display: Loaded TP Android_ETC1TargetPlatform
[2016.08.25-04.11.40:098][  0]LogTemp:Display: Loaded TP Android_ETC2TargetPlatform
[2016.08.25-04.11.40:112][  0]LogTemp:Display: Loaded TP Android_MultiTargetPlatform
[2016.08.25-04.11.40:112][  0]LogTemp:Display: Loaded TP Android_PVRTCTargetPlatform
[2016.08.25-04.11.40:113][  0]LogTemp:Display: Loaded TP HTML5TargetPlatform
[2016.08.25-04.11.40:171][  0]LogTemp:Display: Loaded TP IOSTargetPlatform
[2016.08.25-04.11.40:196][  0]LogTemp:Display: Loaded TP TVOSTargetPlatform
[2016.08.25-04.11.40:218][  0]LogTemp:Display: Loaded TP LinuxNoEditorTargetPlatform
[2016.08.25-04.11.40:230][  0]LogTemp:Display: Loaded TP LinuxServerTargetPlatform
[2016.08.25-04.11.40:266][  0]LogTemp:Display: Loaded TP LinuxTargetPlatform
[2016.08.25-04.11.40:266][  0]LogTargetPlatformManager:Display: Building Assets For Windows
[2016.08.25-04.11.41:212][  0]LogDerivedDataCache:Display: Max Cache Size: 512 MB
[2016.08.25-04.11.42:091][  0]LogDerivedDataCache: Loaded boot cache 0.88s 48MB C:/Users/USER/AppData/Local/UnrealEngine/4.12/DerivedDataCache/Boot.ddc.
[2016.08.25-04.11.42:092][  0]LogDerivedDataCache:Display: Loaded Boot cache: C:/Users/USER/AppData/Local/UnrealEngine/4.12/DerivedDataCache/Boot.ddc
[2016.08.25-04.11.42:092][  0]LogDerivedDataCache: FDerivedDataBackendGraph:  Pak pak cache file ../../../../../../Users/USER/Documents/Unreal Projects/SpaceVR/DerivedDataCache/DDC.ddp not found, will not use a pak cache.
[2016.08.25-04.11.42:092][  0]LogDerivedDataCache: Unable to find inner node Pak for hierarchical cache Hierarchy.
[2016.08.25-04.11.42:092][  0]LogDerivedDataCache: FDerivedDataBackendGraph:  CompressedPak pak cache file ../../../../../../Users/USER/Documents/Unreal Projects/SpaceVR/DerivedDataCache/Compressed.ddp not found, will not use a pak cache.
[2016.08.25-04.11.42:092][  0]LogDerivedDataCache: Unable to find inner node CompressedPak for hierarchical cache Hierarchy.
[2016.08.25-04.11.42:182][  0]LogDerivedDataCache:Display: Pak cache opened for reading ../../../Engine/DerivedDataCache/Compressed.ddp.
[2016.08.25-04.11.42:193][  0]LogDerivedDataCache: Using Local data cache path C:/Users/USER/AppData/Local/UnrealEngine/Common/DerivedDataCache: Writable
[2016.08.25-04.11.47:223][  0]LogInit: Selected Device Profile: [Windows]
[2016.08.25-04.11.47:224][  0]LogContentStreaming: Texture pool size is 0.00 MB
[2016.08.25-04.11.47:722][  0]LogMeshUtilities: No automatic mesh reduction module available
[2016.08.25-04.11.47:722][  0]LogMeshUtilities: No automatic mesh merging module available
[2016.08.25-04.11.47:722][  0]LogMeshUtilities: No distributed automatic mesh merging module available
[2016.08.25-04.11.49:696][  0]LogAssetRegistry: FAssetRegistry took 0.0199 seconds to start up
[2016.08.25-04.11.49:750][  0]LogPackageLocalizationCache: Processed 3 localized package path(s) for 1 prioritized culture(s) in 0.050266 seconds
[2016.08.25-04.11.49:757][  0]LogUObjectArray: 28739 objects as part of root set at end of initial load.
[2016.08.25-04.11.49:757][  0]LogUObjectAllocator: 5855624 out of 0 bytes used by permanent object pool.
[2016.08.25-04.11.49:757][  0]LogUObjectArray: CloseDisregardForGC: 0/0 objects in disregard for GC pool
[2016.08.25-04.11.49:766][  0]LogInit: WinSock: version 1.1 (2.2), MaxSocks=32767, MaxUdp=65467
[2016.08.25-04.11.54:876][  0]LogSlate: SlateFontCache - WITH_FREETYPE: 1, WITH_HARFBUZZ: 1
[2016.08.25-04.11.54:876][  0]LogSlate: SlateFontCache - WITH_FREETYPE: 1, WITH_HARFBUZZ: 1
[2016.08.25-04.12.09:898][  0]LogUdpMessaging: Initializing bridge on interface 0.0.0.0:0 to multicast group 230.0.0.1:6666.
[2016.08.25-04.12.10:329][  0]SourceControl: Info Source control is disabled
[2016.08.25-04.12.10:469][  0]SourceControl: Info Source control is disabled
[2016.08.25-04.12.10:474][  0]SourceControl: Info Source control is disabled
[2016.08.25-04.12.10:479][  0]SourceControl: Info Source control is disabled
[2016.08.25-04.12.10:691][  0]LogEngine: Initializing Engine...
[2016.08.25-04.12.10:743][  0]LogHMD: SteamVR failed to initialize.  Err: 110
[2016.08.25-04.12.10:745][  0]LogHMD: SteamVR failed to initialize.  Err: 110
[2016.08.25-04.12.11:352][  0]LogAIModule: Creating AISystem for world NewWorld
[2016.08.25-04.12.11:407][  0]LogInit: XAudio2 using 'Speakers (High Definition Audio Device)' : 2 channels at 44.1 kHz using 16 bits per sample (channel mask 0x3)
[2016.08.25-04.12.11:427][  0]LogInit: FAudioDevice initialized.
[2016.08.25-04.12.11:451][  0]LogDerivedDataCache: Saved boot cache 0.02s 48MB C:/Users/USER/AppData/Local/UnrealEngine/4.12/DerivedDataCache/Boot.ddc.
[2016.08.25-04.12.11:456][  0]LogInit: Texture streaming: Enabled
[2016.08.25-04.12.11:490][  0]LogInit: Transaction tracking system initialized
[2016.08.25-04.12.11:508][  0]BlueprintLog: New page: Editor Load
[2016.08.25-04.12.11:574][  0]LocalizationService: Info Localization service is disabled
[2016.08.25-04.12.11:917][  0]LogConsoleResponse:Display: 
[2016.08.25-04.12.15:640][  0]LogCook:Display: Max memory allowance for cook 8192mb
[2016.08.25-04.12.15:641][  0]LogCook:Display: Mobile HDR setting 1
[2016.08.25-04.12.16:498][  0]LogFileCache: Scanning file cache for directory 'C:/Users/USER/Documents/Unreal Projects/SpaceVR/Content/' took 0.02s
[2016.08.25-04.12.17:205][  0]SourceControl: Info Source control is disabled
[2016.08.25-04.12.30:801][  0]LogWindowsTextInputMethodSystem:Display: IME system now deactivated.
[2016.08.25-04.12.33:758][  0]LogWindowsTextInputMethodSystem:Display: IME system now deactivated.
[2016.08.25-04.12.33:759][  0]Cmd: MAP LOAD FILE="../../../../../../Users/USER/Documents/Unreal Projects/SpaceVR/Content/FlyingBP/Maps/FlyingExampleMap.umap" TEMPLATE=0 SHOWPROGRESS=1 FEATURELEVEL=3
[2016.08.25-04.12.33:843][  0]LightingResults: New page: Lighting Build
[2016.08.25-04.12.33:845][  0]MapCheck: New page: Map Check
[2016.08.25-04.12.33:845][  0]LightingResults: New page: Lighting Build
[2016.08.25-04.12.36:368][  0]LogAIModule: Creating AISystem for world FlyingExampleMap
[2016.08.25-04.12.36:513][  0]LogEditorServer: Finished looking for orphan Actors (0.000 secs)
[2016.08.25-04.12.36:521][  0]Cmd: MAP CHECKDEP NOCLEARLOG
[2016.08.25-04.12.36:566][  0]MapCheck: Info Map check complete: 0 Error(s), 0 Warning(s), took 44.846ms to complete.
[2016.08.25-04.12.36:566][  0]LogFileHelpers: Loading map 'FlyingExampleMap' took 2.808
[2016.08.25-04.12.36:877][  0]LogStats:Warning: MetaData mismatch. Did you assign a stat to two groups? New //STATGROUP_Threads//SplashScreenThread///Thread_b20_0///####STATCAT_Advanced#### old //STATGROUP_Threads//SplashScreenThread///Thread_1148_0///####STATCAT_Advanced####
[2016.08.25-04.12.36:877][  0]LogCollectionManager: Loaded 0 collections in 0.001897 seconds
[2016.08.25-04.12.36:913][  0]LogFileCache: Scanning file cache for directory 'C:/Users/USER/Documents/Unreal Projects/SpaceVR/Saved/Collections/' took 0.01s
[2016.08.25-04.12.36:913][  0]LogFileCache: Scanning file cache for directory 'C:/Users/USER/Documents/Unreal Projects/SpaceVR/Content/Developers/USER/Collections/' took 0.01s
[2016.08.25-04.12.36:913][  0]LogFileCache: Scanning file cache for directory 'C:/Users/USER/Documents/Unreal Projects/SpaceVR/Content/Collections/' took 0.01s
[2016.08.25-04.12.36:913][  0]LogCollectionManager: Rebuilt the GUID cache for 0 collections in 0.000003 seconds
[2016.08.25-04.12.36:921][  0]LogContentBrowser: Native class hierarchy populated in 0.0077 seconds. Added 2047 classes and 369 folders.
[2016.08.25-04.12.36:924][  0]LogStats: UGameplayTagsManager::ConstructGameplayTagTree: Construct from data asset -  0.000 s
[2016.08.25-04.12.36:924][  0]LogStats: UGameplayTagsManager::ConstructGameplayTagTree: GameplayTagTreeChangedEvent.Broadcast -  0.000 s
[2016.08.25-04.12.36:924][  0]LogContentBrowser: Native class hierarchy updated for 'GameplayTags' in 0.0004 seconds. Added 12 classes and 0 folders.
[2016.08.25-04.12.36:929][  0]LogContentBrowser: Native class hierarchy updated for 'WidgetCarousel' in 0.0004 seconds. Added 0 classes and 0 folders.
[2016.08.25-04.12.38:099][  0]LogContentBrowser: Native class hierarchy updated for 'AddContentDialog' in 0.0005 seconds. Added 0 classes and 0 folders.
[2016.08.25-04.12.38:103][  0]LogContentBrowser: Native class hierarchy updated for 'SceneOutliner' in 0.0004 seconds. Added 1 classes and 2 folders.
[2016.08.25-04.12.38:223][  0]LogCrashTracker: Crashtracker disabled due to settings.
[2016.08.25-04.12.38:227][  0]LogUObjectGlobals:Warning: Failed to find object 'Class None.'
[2016.08.25-04.12.38:251][  0]LogContentBrowser: Native class hierarchy updated for 'HierarchicalLODOutliner' in 0.0004 seconds. Added 1 classes and 2 folders.
[2016.08.25-04.12.38:251][  0]LogLoad: Full Startup: 63.90 seconds (BP compile: 0.26 seconds)
[2016.08.25-04.12.38:251][  0]LogExternalProfiler: Found external profiler: VSPerf
[2016.08.25-04.12.38:251][  0]LogExternalProfiler: Using external profiler: VSPerf
[2016.08.25-04.12.38:261][  0]LogOcInput: OculusInput pre-init called
[2016.08.25-04.12.38:278][  0]LogContentStreaming: Texture pool size now 200 MB
[2016.08.25-04.12.38:779][  0]LogRenderer: Reallocating scene render targets to support 1060x576 (Frame:2).
[2016.08.25-04.12.38:940][  1]LogAssetRegistry: Asset discovery search completed in 49.2629 seconds
[2016.08.25-04.12.38:940][  1]LogCollectionManager: Rebuilt the object cache for 0 collections in 0.000001 seconds (found 0 objects)
[2016.08.25-04.12.38:940][  1]LogCollectionManager: Fixed up redirectors for 0 collections in 0.000022 seconds (updated 0 objects)
[2016.08.25-04.12.44:777][545]LogContentBrowser: Native class hierarchy updated for 'BlueprintGraph' in 0.0007 seconds. Added 111 classes and 0 folders.
[2016.08.25-04.13.01:322][891]LogAIModule: Creating AISystem for world NewMap
[2016.08.25-04.13.01:423][891]Cmd: MAP LOAD FILE="../../../../../../Users/USER/Documents/Unreal Projects/SpaceVR/Content/FlyingBP/Blueprints/NewMap.umap" TEMPLATE=0 SHOWPROGRESS=1 FEATURELEVEL=3
[2016.08.25-04.13.01:423][891]LightingResults: New page: Lighting Build
[2016.08.25-04.13.01:423][891]LoadErrors: New page: Loading map: NewMap.umap
[2016.08.25-04.13.01:425][891]MapCheck: New page: Map Check
[2016.08.25-04.13.01:425][891]LightingResults: New page: Lighting Build
[2016.08.25-04.13.01:524][891]LogEditorServer: Finished looking for orphan Actors (0.000 secs)
[2016.08.25-04.13.01:560][891]Cmd: MAP CHECKDEP NOCLEARLOG
[2016.08.25-04.13.01:589][891]MapCheck: Info Map check complete: 0 Error(s), 0 Warning(s), took 29.347ms to complete.
[2016.08.25-04.13.01:589][891]LogFileHelpers: Loading map 'NewMap' took 0.167
[2016.08.25-04.18.21:066][341]Cmd: MAP LOAD FILE="../../../Engine/Content/Maps/Templates/Template_Default.umap" TEMPLATE=1 SHOWPROGRESS=1 FEATURELEVEL=3
[2016.08.25-04.18.21:124][341]LightingResults: New page: Lighting Build
[2016.08.25-04.18.21:125][341]LoadErrors: New page: Loading map: Template_Default.umap
[2016.08.25-04.18.21:132][341]MapCheck: New page: Map Check
[2016.08.25-04.18.21:132][341]LightingResults: New page: Lighting Build
[2016.08.25-04.18.21:438][341]LogAIModule: Creating AISystem for world Untitled_1
[2016.08.25-04.18.21:524][341]LogEditorServer: Finished looking for orphan Actors (0.000 secs)
[2016.08.25-04.18.21:531][341]Cmd: MAP CHECKDEP NOCLEARLOG
[2016.08.25-04.18.21:561][341]MapCheck: Info Map check complete: 0 Error(s), 0 Warning(s), took 29.863ms to complete.
[2016.08.25-04.18.21:561][341]LogFileHelpers: Loading map 'Template_Default' took 0.497
[2016.08.25-04.18.22:276][425]LogEditorViewport: Clicking on Actor (LMB): StaticMeshActor (Floor)
[2016.08.25-04.18.23:058][512]LogEditorViewport: Clicking on Actor (LMB): StaticMeshActor (Floor)
[2016.08.25-04.18.23:282][537]Cmd: DELETE
[2016.08.25-04.18.23:282][537]Cmd: ACTOR DELETE
[2016.08.25-04.18.23:283][537]LogEditorActor: Deleted Actor: StaticMeshActor
[2016.08.25-04.18.23:315][537]LogEditorActor: Deleted 1 Actors (0.033 secs)
[2016.08.25-04.18.24:417][645]LogActorFactory: Actor Factory created tracklay
[2016.08.25-04.18.25:332][751]LogActorFactory: Actor Factory created tracklay
[2016.08.25-04.18.44:598][694]LogEditorViewport: Clicking on Actor (LMB): trackmap_C (trackmap)
[2016.08.25-04.18.50:013][252]LogPhysics:Warning: Initialising Body : Scale3D is (nearly) zero: Component: trackmap_11.StaticMesh Ocean1 
[2016.08.25-04.18.50:610][317]LogPhysics:Warning: Initialising Body : Scale3D is (nearly) zero: Component: trackmap_11.StaticMesh Ocean1 
[2016.08.25-04.18.54:770][753]LogPhysics:Warning: Initialising Body : Scale3D is (nearly) zero: Component: trackmap_11.StaticMesh Ocean1 
[2016.08.25-04.18.56:639][973]LogEditorViewport: Clicking on Actor (LMB): StaticMeshActor (tracklay)
[2016.08.25-04.22.54:850][590]LogPlayLevel: PlayLevel: No blueprints needed recompiling
[2016.08.25-04.22.54:850][590]PIE: New page: PIE session: Untitled_1 (Aug 24, 2016, 7:22:54 PM)
[2016.08.25-04.22.54:850][590]LogPlayLevel: Creating play world package: /Temp/UEDPIE_0_Untitled_1
[2016.08.25-04.22.54:853][590]LogPlayLevel: PIE: StaticDuplicateObject took: (0.002381s)
[2016.08.25-04.22.54:853][590]LogAIModule: Creating AISystem for world Untitled_1
[2016.08.25-04.22.54:853][590]LogPlayLevel: PIE: World Init took: (0.000724s)
[2016.08.25-04.22.54:853][590]LogPlayLevel: PIE: Created PIE world by copying editor world from /Temp/Untitled_1.Untitled_1 to /Temp/UEDPIE_0_Untitled_1.Untitled_1 (0.003350s)
[2016.08.25-04.22.54:957][590]LogInit: XAudio2 using 'Speakers (High Definition Audio Device)' : 2 channels at 44.1 kHz using 16 bits per sample (channel mask 0x3)
[2016.08.25-04.22.54:962][590]LogInit: FAudioDevice initialized.
[2016.08.25-04.22.55:109][590]LogWorld: Game class is 'FlyingGameMode_C'
[2016.08.25-04.22.55:116][590]LogWorld: Bringing World /Temp/UEDPIE_0_Untitled_1.Untitled_1 up for play (max tick rate 0) at 2016.08.25-00.22.55
[2016.08.25-04.22.55:118][590]LogWorld: Bringing up level for play took: 0.006126
[2016.08.25-04.22.55:141][590]LogContentBrowser: Native class hierarchy updated for 'MovieSceneCapture' in 0.0012 seconds. Added 11 classes and 0 folders.
[2016.08.25-04.22.55:144][590]PIE: Info Play in editor start time for /Temp/UEDPIE_0_Untitled_1 -0.601
[2016.08.25-04.23.03:255][507]LogPlayLevel: PlayLevel: No blueprints needed recompiling
[2016.08.25-04.23.03:255][507]PIE: New page: PIE session: Untitled_1 (Aug 24, 2016, 7:23:03 PM)
[2016.08.25-04.23.03:255][507]LogPlayLevel: Creating play world package: /Temp/UEDPIE_0_Untitled_1
[2016.08.25-04.23.03:259][507]LogPlayLevel: PIE: StaticDuplicateObject took: (0.003711s)
[2016.08.25-04.23.03:260][507]LogAIModule: Creating AISystem for world Untitled_1
[2016.08.25-04.23.03:260][507]LogPlayLevel: PIE: World Init took: (0.001594s)
[2016.08.25-04.23.03:261][507]LogPlayLevel: PIE: Created PIE world by copying editor world from /Temp/Untitled_1.Untitled_1 to /Temp/UEDPIE_0_Untitled_1.Untitled_1 (0.005507s)
[2016.08.25-04.23.03:357][507]LogInit: XAudio2 using 'Speakers (High Definition Audio Device)' : 2 channels at 44.1 kHz using 16 bits per sample (channel mask 0x3)
[2016.08.25-04.23.03:362][507]LogInit: FAudioDevice initialized.
[2016.08.25-04.23.03:406][507]LogWorld: Game class is 'FlyingGameMode_C'
[2016.08.25-04.23.03:408][507]LogWorld: Bringing World /Temp/UEDPIE_0_Untitled_1.Untitled_1 up for play (max tick rate 0) at 2016.08.25-00.23.03
[2016.08.25-04.23.03:408][507]LogWorld: Bringing up level for play took: 0.001851
[2016.08.25-04.23.03:409][507]PIE: Info Play in editor start time for /Temp/UEDPIE_0_Untitled_1 -0.336
[2016.08.25-04.23.23:862][692]LogPlayLevel: PlayLevel: No blueprints needed recompiling
[2016.08.25-04.23.23:862][692]PIE: New page: PIE session: Untitled_1 (Aug 24, 2016, 7:23:23 PM)
[2016.08.25-04.23.23:862][692]LogPlayLevel: Creating play world package: /Temp/UEDPIE_0_Untitled_1
[2016.08.25-04.23.23:864][692]LogPlayLevel: PIE: StaticDuplicateObject took: (0.002295s)
[2016.08.25-04.23.23:865][692]LogAIModule: Creating AISystem for world Untitled_1
[2016.08.25-04.23.23:865][692]LogPlayLevel: PIE: World Init took: (0.000660s)
[2016.08.25-04.23.23:865][692]LogPlayLevel: PIE: Created PIE world by copying editor world from /Temp/Untitled_1.Untitled_1 to /Temp/UEDPIE_0_Untitled_1.Untitled_1 (0.003161s)
[2016.08.25-04.23.23:966][692]LogInit: XAudio2 using 'Speakers (High Definition Audio Device)' : 2 channels at 44.1 kHz using 16 bits per sample (channel mask 0x3)
[2016.08.25-04.23.23:971][692]LogInit: FAudioDevice initialized.
[2016.08.25-04.23.24:016][692]LogWorld: Game class is 'FlyingGameMode_C'
[2016.08.25-04.23.24:018][692]LogWorld: Bringing World /Temp/UEDPIE_0_Untitled_1.Untitled_1 up for play (max tick rate 0) at 2016.08.25-00.23.24
[2016.08.25-04.23.24:018][692]LogWorld: Bringing up level for play took: 0.001622
[2016.08.25-04.23.24:019][692]PIE: Info Play in editor start time for /Temp/UEDPIE_0_Untitled_1 0.273
[2016.08.25-04.24.12:622][935]BlueprintLog: New page: Compile FlyingPawn
[2016.08.25-04.24.12:887][935]BlueprintEditorCompileResults: Info [0758.53] Compile of FlyingPawn successful! [in 265 ms] (/Game/FlyingBP/Blueprints/FlyingPawn.FlyingPawn)
[2016.08.25-04.24.14:645][ 77]LogPlayLevel: PlayLevel: No blueprints needed recompiling
[2016.08.25-04.24.14:645][ 77]PIE: New page: PIE session: Untitled_1 (Aug 24, 2016, 7:24:14 PM)
[2016.08.25-04.24.14:645][ 77]LogPlayLevel: Creating play world package: /Temp/UEDPIE_0_Untitled_1
[2016.08.25-04.24.14:648][ 77]LogPlayLevel: PIE: StaticDuplicateObject took: (0.002310s)
[2016.08.25-04.24.14:648][ 77]LogAIModule: Creating AISystem for world Untitled_1
[2016.08.25-04.24.14:649][ 77]LogPlayLevel: PIE: World Init took: (0.000812s)
[2016.08.25-04.24.14:649][ 77]LogPlayLevel: PIE: Created PIE world by copying editor world from /Temp/Untitled_1.Untitled_1 to /Temp/UEDPIE_0_Untitled_1.Untitled_1 (0.003325s)
[2016.08.25-04.24.14:746][ 77]LogInit: XAudio2 using 'Speakers (High Definition Audio Device)' : 2 channels at 44.1 kHz using 16 bits per sample (channel mask 0x3)
[2016.08.25-04.24.14:751][ 77]LogInit: FAudioDevice initialized.
[2016.08.25-04.24.14:796][ 77]LogWorld: Game class is 'FlyingGameMode_C'
[2016.08.25-04.24.14:798][ 77]LogWorld: Bringing World /Temp/UEDPIE_0_Untitled_1.Untitled_1 up for play (max tick rate 0) at 2016.08.25-00.24.14
[2016.08.25-04.24.14:798][ 77]LogWorld: Bringing up level for play took: 0.001806
[2016.08.25-04.24.14:799][ 77]PIE: Info Play in editor start time for /Temp/UEDPIE_0_Untitled_1 1.053
[2016.08.25-04.29.45:725][403]Cmd: OBJ SAVEPACKAGE PACKAGE="/Temp/Untitled_1" FILE="../../../../../../Users/USER/Documents/Unreal Projects/SpaceVR/Saved/Autosaves/Temp/Untitled_1_Auto1.umap" SILENT=true AUTOSAVING=true KEEPDIRTY=false
[2016.08.25-04.29.45:760][403]LogSavePackage: Save=23.40ms
[2016.08.25-04.29.45:760][403]LogSavePackage: Moving '../../../../../../Users/USER/Documents/Unreal Projects/SpaceVR/Saved/Untitled_1_Auto1EEDE98F645365D771A235288EA8768D2.tmp' to '../../../../../../Users/USER/Documents/Unreal Projects/SpaceVR/Saved/Autosaves/Temp/Untitled_1_Auto1.umap'
[2016.08.25-04.29.45:761][403]LogSavePackage:Display: Finished SavePackage ../../../../../../Users/USER/Documents/Unreal Projects/SpaceVR/Saved/Autosaves/Temp/Untitled_1_Auto1.umap
[2016.08.25-04.29.45:762][403]LogFileHelpers: Editor autosave (incl. sublevels) for '/Temp/Untitled_1' took 0.073
[2016.08.25-04.29.45:762][403]LogFileHelpers: Editor autosave (incl. sublevels) for all levels took 0.073
[2016.08.25-04.29.45:765][403]OBJ SavePackage: Generating thumbnails for [1] asset(s) in package [/Game/FlyingBP/Blueprints/FlyingPawn] ([1] browsable assets)...
[2016.08.25-04.29.45:778][403]OBJ SavePackage:     Rendered thumbnail for [Blueprint /Game/FlyingBP/Blueprints/FlyingPawn.FlyingPawn]
[2016.08.25-04.29.45:778][403]OBJ SavePackage: Finished generating thumbnails for package [/Game/FlyingBP/Blueprints/FlyingPawn]
[2016.08.25-04.29.46:049][403]LogSavePackage: Save=264.31ms
[2016.08.25-04.29.46:049][403]LogSavePackage: Moving '../../../../../../Users/USER/Documents/Unreal Projects/SpaceVR/Saved/FlyingPawn_Auto10F3B41F2469D06EF783E8FAAA4655002.tmp' to '../../../../../../Users/USER/Documents/Unreal Projects/SpaceVR/Saved/Autosaves/Game/FlyingBP/Blueprints/FlyingPawn_Auto1.uasset'
[2016.08.25-04.29.46:050][403]LogSavePackage:Display: Finished SavePackage ../../../../../../Users/USER/Documents/Unreal Projects/SpaceVR/Saved/Autosaves/Game/FlyingBP/Blueprints/FlyingPawn_Auto1.uasset
[2016.08.25-04.29.46:050][403]LogFileHelpers: Auto-saving content packages took 0.287
[2016.08.25-04.53.20:866][229]LogEditorViewport: Clicking on Actor (context menu): StaticMeshActor (tracklay)
[2016.08.25-04.53.21:824][317]LogEditorViewport: Clicking on Actor (LMB): StaticMeshActor (tracklay)
[2016.08.25-04.53.25:375][713]Cmd: DELETE
[2016.08.25-04.53.25:375][713]Cmd: ACTOR DELETE
[2016.08.25-04.53.25:376][713]LogEditorActor: Deleted Actor: StaticMeshActor
[2016.08.25-04.53.25:425][713]LogEditorActor: Deleted 1 Actors (0.049 secs)
[2016.08.25-04.53.27:825][  0]Cmd: TRANSACTION UNDO
[2016.08.25-04.53.27:825][  0]LogEditorTransaction: Undo Delete Actors
[2016.08.25-04.53.28:850][ 95]LogEditorActor: Deleted Actor: trackmap_C
[2016.08.25-04.53.28:882][ 95]LogEditorActor: Deleted 1 Actors (0.032 secs)
[2016.08.25-04.53.32:303][487]LogActorFactory: Actor Factory created Ocean1
[2016.08.25-04.53.32:779][539]LogActorFactory: Actor Factory created Ocean1
[2016.08.25-04.53.53:001][867]LogEditorViewport: Clicking on Actor (LMB): StaticMeshActor (Ocean1)
[2016.08.25-04.53.55:262][121]LogEditorViewport: Clicking on Actor (LMB): StaticMeshActor (tracklay)
[2016.08.25-04.54.01:455][766]LogEditorViewport: Clicking on Actor (LMB): BP_Sky_Sphere_C (Sky Sphere)
[2016.08.25-04.54.04:675][120]LogPhysics:Warning: Initialising Body : Scale3D is (nearly) zero: Component: SkySphere.Sky Sphere mesh SM_SkySphere 
[2016.08.25-04.54.06:800][356]Cmd: TRANSACTION UNDO
[2016.08.25-04.54.06:800][356]LogEditorTransaction: Undo Scale Actors
[2016.08.25-04.54.07:780][450]LogEditorViewport: Clicking on Actor (LMB): BP_Sky_Sphere_C (Sky Sphere)
[2016.08.25-04.54.08:242][503]LogEditorViewport: Clicking on Actor (LMB): BP_Sky_Sphere_C (Sky Sphere)
[2016.08.25-04.54.08:616][546]LogEditorViewport: Clicking on Actor (LMB): StaticMeshActor (Ocean1)
[2016.08.25-04.54.54:202][572]LogEditorViewport: Clicking on Actor (LMB): StaticMeshActor (tracklay)
[2016.08.25-04.57.05:491][722]LogTexture:Display: Building textures: T_Concrete_Tiles_M (AutoDXT)
[2016.08.25-04.57.11:181][722]LogTexture:Display: Building textures: T_Concrete_Tiles_D (AutoDXT)
[2016.08.25-04.57.15:688][722]LogTexture:Display: Building textures: T_Concrete_Tiles_N (BC5)
[2016.08.25-04.57.16:362][722]LogTexture:Display: Building textures: T_Concrete_Tiles_Variation_M (AutoDXT)
[2016.08.25-04.57.20:049][ 79]Cmd: OBJ SAVEPACKAGE PACKAGE="/Temp/Untitled_1" FILE="../../../../../../Users/USER/Documents/Unreal Projects/SpaceVR/Saved/Autosaves/Temp/Untitled_1_Auto2.umap" SILENT=true AUTOSAVING=true KEEPDIRTY=false
[2016.08.25-04.57.20:080][ 79]LogSavePackage: Save=19.48ms
[2016.08.25-04.57.20:080][ 79]LogSavePackage: Moving '../../../../../../Users/USER/Documents/Unreal Projects/SpaceVR/Saved/Untitled_1_Auto2574EF5D7448E811EAAF00A8AD6180BA0.tmp' to '../../../../../../Users/USER/Documents/Unreal Projects/SpaceVR/Saved/Autosaves/Temp/Untitled_1_Auto2.umap'
[2016.08.25-04.57.20:081][ 79]LogSavePackage:Display: Finished SavePackage ../../../../../../Users/USER/Documents/Unreal Projects/SpaceVR/Saved/Autosaves/Temp/Untitled_1_Auto2.umap
[2016.08.25-04.57.20:083][ 79]LogFileHelpers: Editor autosave (incl. sublevels) for '/Temp/Untitled_1' took 0.078
[2016.08.25-04.57.20:083][ 79]LogFileHelpers: Editor autosave (incl. sublevels) for all levels took 0.078
[2016.08.25-04.58.23:216][880]LogPlayLevel: PlayLevel: No blueprints needed recompiling
[2016.08.25-04.58.23:216][880]PIE: New page: PIE session: Untitled_1 (Aug 24, 2016, 7:58:23 PM)
[2016.08.25-04.58.23:216][880]LogPlayLevel: Creating play world package: /Temp/UEDPIE_0_Untitled_1
[2016.08.25-04.58.23:220][880]LogPlayLevel: PIE: StaticDuplicateObject took: (0.003620s)
[2016.08.25-04.58.23:222][880]LogAIModule: Creating AISystem for world Untitled_1
[2016.08.25-04.58.23:222][880]LogPlayLevel: PIE: World Init took: (0.001682s)
[2016.08.25-04.58.23:222][880]LogPlayLevel: PIE: Created PIE world by copying editor world from /Temp/Untitled_1.Untitled_1 to /Temp/UEDPIE_0_Untitled_1.Untitled_1 (0.005517s)
[2016.08.25-04.58.23:329][880]LogInit: XAudio2 using 'Speakers (High Definition Audio Device)' : 2 channels at 44.1 kHz using 16 bits per sample (channel mask 0x3)
[2016.08.25-04.58.23:335][880]LogInit: FAudioDevice initialized.
[2016.08.25-04.58.23:384][880]LogWorld: Game class is 'FlyingGameMode_C'
[2016.08.25-04.58.23:386][880]LogWorld: Bringing World /Temp/UEDPIE_0_Untitled_1.Untitled_1 up for play (max tick rate 0) at 2016.08.25-00.58.23
[2016.08.25-04.58.23:386][880]LogWorld: Bringing up level for play took: 0.002007
[2016.08.25-04.58.23:387][880]PIE: Info Play in editor start time for /Temp/UEDPIE_0_Untitled_1 -0.386
[2016.08.25-04.59.42:524][989]LogPlayLevel: PlayLevel: No blueprints needed recompiling
[2016.08.25-04.59.42:524][989]PIE: New page: PIE session: Untitled_1 (Aug 24, 2016, 7:59:42 PM)
[2016.08.25-04.59.42:524][989]LogPlayLevel: Creating play world package: /Temp/UEDPIE_0_Untitled_1
[2016.08.25-04.59.42:528][989]LogPlayLevel: PIE: StaticDuplicateObject took: (0.003868s)
[2016.08.25-04.59.42:529][989]LogAIModule: Creating AISystem for world Untitled_1
[2016.08.25-04.59.42:529][989]LogPlayLevel: PIE: World Init took: (0.001132s)
[2016.08.25-04.59.42:529][989]LogPlayLevel: PIE: Created PIE world by copying editor world from /Temp/Untitled_1.Untitled_1 to /Temp/UEDPIE_0_Untitled_1.Untitled_1 (0.005210s)
[2016.08.25-04.59.42:626][989]LogInit: XAudio2 using 'Speakers (High Definition Audio Device)' : 2 channels at 44.1 kHz using 16 bits per sample (channel mask 0x3)
[2016.08.25-04.59.42:631][989]LogInit: FAudioDevice initialized.
[2016.08.25-04.59.42:675][989]LogWorld: Game class is 'FlyingGameMode_C'
[2016.08.25-04.59.42:677][989]LogWorld: Bringing World /Temp/UEDPIE_0_Untitled_1.Untitled_1 up for play (max tick rate 0) at 2016.08.25-00.59.42
[2016.08.25-04.59.42:677][989]LogWorld: Bringing up level for play took: 0.001898
[2016.08.25-04.59.42:678][989]PIE: Info Play in editor start time for /Temp/UEDPIE_0_Untitled_1 0.903
[2016.08.25-05.01.05:240][867]LogEditorViewport: Clicking on Actor (context menu): BP_Sky_Sphere_C (Sky Sphere)
[2016.08.25-05.09.09:284][714]Cmd: OBJ SAVEPACKAGE PACKAGE="/Temp/Untitled_1" FILE="../../../../../../Users/USER/Documents/Unreal Projects/SpaceVR/Saved/Autosaves/Temp/Untitled_1_Auto3.umap" SILENT=true AUTOSAVING=true KEEPDIRTY=false
[2016.08.25-05.09.09:316][714]LogSavePackage: Save=19.93ms
[2016.08.25-05.09.09:316][714]LogSavePackage: Moving '../../../../../../Users/USER/Documents/Unreal Projects/SpaceVR/Saved/Untitled_1_Auto3AAFF18414577954D040D0FA28F8D3685.tmp' to '../../../../../../Users/USER/Documents/Unreal Projects/SpaceVR/Saved/Autosaves/Temp/Untitled_1_Auto3.umap'
[2016.08.25-05.09.09:318][714]LogSavePackage:Display: Finished SavePackage ../../../../../../Users/USER/Documents/Unreal Projects/SpaceVR/Saved/Autosaves/Temp/Untitled_1_Auto3.umap
[2016.08.25-05.09.09:318][714]LogFileHelpers: Editor autosave (incl. sublevels) for '/Temp/Untitled_1' took 0.081
[2016.08.25-05.09.09:319][714]LogFileHelpers: Editor autosave (incl. sublevels) for all levels took 0.081
[2016.08.25-07.35.56:871][803]Cmd: OBJ SAVEPACKAGE PACKAGE="/Game/FlyingBP/Blueprints/FlyingPawn" FILE="../../../../../../Users/USER/Documents/Unreal Projects/SpaceVR/Content/FlyingBP/Blueprints/FlyingPawn.uasset" SILENT=true
[2016.08.25-07.35.57:146][803]LogSavePackage: Save=259.61ms
[2016.08.25-07.35.57:146][803]LogSavePackage: Moving '../../../../../../Users/USER/Documents/Unreal Projects/SpaceVR/Saved/FlyingPawnFFD9985648DD1AC72E413889A950AFAF.tmp' to '../../../../../../Users/USER/Documents/Unreal Projects/SpaceVR/Content/FlyingBP/Blueprints/FlyingPawn.uasset'
[2016.08.25-07.35.57:148][803]LogSavePackage:Display: Finished SavePackage ../../../../../../Users/USER/Documents/Unreal Projects/SpaceVR/Content/FlyingBP/Blueprints/FlyingPawn.uasset
[2016.08.25-07.36.05:533][803]LogText:Warning: Failed to parse argument "ExistingAsset" as a number (using "0" as a fallback). Please check your format string for errors: "{ExistingAsset} already exists. Do you want to replace it?".
[2016.08.25-07.36.16:492][803]LogSavePackage: Save=119.44ms
[2016.08.25-07.36.16:492][803]LogSavePackage: Moving '../../../../../../Users/USER/Documents/Unreal Projects/SpaceVR/Saved/NewMap22DF87FF64D08B556108BF6B6C435923A.tmp' to '../../../../../../Users/USER/Documents/Unreal Projects/SpaceVR/Content/FlyingBP/Blueprints/NewMap2.umap'
[2016.08.25-07.36.16:493][803]LogSavePackage:Display: Finished SavePackage ../../../../../../Users/USER/Documents/Unreal Projects/SpaceVR/Content/FlyingBP/Blueprints/NewMap2.umap
[2016.08.25-07.36.16:515][803]LogFileHelpers: Saving map 'NewMap2' took 2.325
[2016.08.25-07.36.17:287][804]Cmd: QUIT_EDITOR
[2016.08.25-07.36.17:894][804]LogExit: Preparing to exit.
[2016.08.25-07.36.19:006][804]LogExit: Editor shut down
[2016.08.25-07.36.19:007][804]LogExit: Transaction tracking system shut down
[2016.08.25-07.36.22:262][804]LogObj: Freed 0b from 0 cluster array pools.
[2016.08.25-07.36.22:263][804]LogExit: Object subsystem successfully closed.
[2016.08.25-07.36.22:604][804]LogD3D11RHI: Shutdown
[2016.08.25-07.36.22:612][804]LogD3D11RHI: CleanupD3DDevice
[2016.08.25-07.36.22:883][804]LogD3D11RHI: ~FD3D11DynamicRHI
[2016.08.25-07.36.24:440][804]LogModuleManager: Shutting down and abandoning module HierarchicalLODUtilities (217)
[2016.08.25-07.36.24:465][804]LogModuleManager: Shutting down and abandoning module MovieSceneCapture (216)
[2016.08.25-07.36.24:465][804]LogModuleManager: Shutting down and abandoning module NewLevelDialog (215)
[2016.08.25-07.36.24:465][804]LogModuleManager: Shutting down and abandoning module BlueprintGraph (214)
[2016.08.25-07.36.24:491][804]LogModuleManager: Shutting down and abandoning module HierarchicalLODOutliner (213)
[2016.08.25-07.36.24:501][804]LogModuleManager: Shutting down and abandoning module CrashTracker (212)
[2016.08.25-07.36.24:501][804]LogModuleManager: Shutting down and abandoning module SceneOutliner (211)
[2016.08.25-07.36.24:501][804]LogModuleManager: Shutting down and abandoning module WidgetCarousel (210)
[2016.08.25-07.36.24:557][804]LogModuleManager: Shutting down and abandoning module AddContentDialog (209)
[2016.08.25-07.36.24:627][804]LogModuleManager: Shutting down and abandoning module GameplayTags (208)
[2016.08.25-07.36.24:627][804]LogModuleManager: Shutting down and abandoning module EditorWidgets (207)
[2016.08.25-07.36.24:627][804]LogModuleManager: Shutting down and abandoning module CollectionManager (206)
[2016.08.25-07.36.24:692][804]LogModuleManager: Shutting down and abandoning module StatsViewer (205)
[2016.08.25-07.36.24:739][804]LogModuleManager: Shutting down and abandoning module FoliageEdit (204)
[2016.08.25-07.36.24:740][804]LogModuleManager: Shutting down and abandoning module LandscapeEditor (203)
[2016.08.25-07.36.24:760][804]LogModuleManager: Shutting down and abandoning module SceneDepthPickerMode (202)
[2016.08.25-07.36.24:760][804]LogModuleManager: Shutting down and abandoning module ActorPickerMode (201)
[2016.08.25-07.36.24:760][804]LogModuleManager: Shutting down and abandoning module GeometryMode (200)
[2016.08.25-07.36.24:760][804]LogModuleManager: Shutting down and abandoning module TextureAlignMode (199)
[2016.08.25-07.36.24:760][804]LogModuleManager: Shutting down and abandoning module BspMode (198)
[2016.08.25-07.36.24:787][804]LogModuleManager: Shutting down and abandoning module HardwareSurvey (197)
[2016.08.25-07.36.24:796][804]LogModuleManager: Shutting down and abandoning module SequenceRecorderSections (196)
[2016.08.25-07.36.24:796][804]LogModuleManager: Shutting down and abandoning module SequenceRecorder (195)
[2016.08.25-07.36.24:813][804]LogModuleManager: Shutting down and abandoning module AutomationWorker (194)
[2016.08.25-07.36.24:813][804]LogModuleManager: Shutting down and abandoning module MatineeToLevelSequence (193)
[2016.08.25-07.36.24:813][804]LogModuleManager: Shutting down and abandoning module PlacementMode (192)
[2016.08.25-07.36.24:844][804]LogModuleManager: Shutting down and abandoning module LevelSequenceEditor (191)
[2016.08.25-07.36.24:961][804]LogModuleManager: Shutting down and abandoning module CharacterAI (190)
[2016.08.25-07.36.24:961][804]LogModuleManager: Shutting down and abandoning module SmartSnapping (189)
[2016.08.25-07.36.24:961][804]LogModuleManager: Shutting down and abandoning module SessionServices (188)
[2016.08.25-07.36.24:961][804]LogModuleManager: Shutting down and abandoning module ViewportSnapping (187)
[2016.08.25-07.36.24:961][804]LogModuleManager: Shutting down and abandoning module LogVisualizer (186)
[2016.08.25-07.36.24:961][804]LogModuleManager: Shutting down and abandoning module GameProjectGeneration (185)
[2016.08.25-07.36.25:065][804]LogModuleManager: Shutting down and abandoning module IntroTutorials (184)
[2016.08.25-07.36.25:075][804]LogModuleManager: Shutting down and abandoning module EditorLiveStreaming (183)
[2016.08.25-07.36.25:075][804]LogModuleManager: Shutting down and abandoning module IOSPlatformEditor (182)
[2016.08.25-07.36.25:100][804]LogModuleManager: Shutting down and abandoning module HTML5PlatformEditor (181)
[2016.08.25-07.36.25:100][804]LogModuleManager: Shutting down and abandoning module AndroidDeviceDetection (180)
[2016.08.25-07.36.25:654][804]LogModuleManager: Shutting down and abandoning module AndroidPlatformEditor (179)
[2016.08.25-07.36.25:682][804]LogModuleManager: Shutting down and abandoning module IOSRuntimeSettings (178)
[2016.08.25-07.36.25:682][804]LogModuleManager: Shutting down and abandoning module AndroidRuntimeSettings (177)
[2016.08.25-07.36.25:682][804]LogModuleManager: Shutting down and abandoning module MergeActors (176)
[2016.08.25-07.36.25:703][804]LogModuleManager: Shutting down and abandoning module SizeMap (175)
[2016.08.25-07.36.25:703][804]LogModuleManager: Shutting down and abandoning module TreeMap (174)
[2016.08.25-07.36.25:748][804]LogModuleManager: Shutting down and abandoning module ReferenceViewer (173)
[2016.08.25-07.36.25:748][804]LogModuleManager: Shutting down and abandoning module LocalizationService (172)
[2016.08.25-07.36.25:774][804]LogModuleManager: Shutting down and abandoning module LocalizationDashboard (171)
[2016.08.25-07.36.25:791][804]LogModuleManager: Shutting down and abandoning module HardwareTargeting (170)
[2016.08.25-07.36.25:811][804]LogModuleManager: Shutting down and abandoning module DeviceProfileEditor (169)
[2016.08.25-07.36.25:852][804]LogModuleManager: Shutting down and abandoning module UndoHistory (168)
[2016.08.25-07.36.25:867][804]LogModuleManager: Shutting down and abandoning module UserFeedback (167)
[2016.08.25-07.36.25:867][804]LogModuleManager: Shutting down and abandoning module XmlParser (166)
[2016.08.25-07.36.25:894][804]LogModuleManager: Shutting down and abandoning module Blutility (165)
[2016.08.25-07.36.25:916][804]LogModuleManager: Shutting down and abandoning module ProjectTargetPlatformEditor (164)
[2016.08.25-07.36.25:933][804]LogModuleManager: Shutting down and abandoning module ProjectSettingsViewer (163)
[2016.08.25-07.36.25:933][804]LogModuleManager: Shutting down and abandoning module InputBindingEditor (162)
[2016.08.25-07.36.25:985][804]LogModuleManager: Shutting down and abandoning module EditorSettingsViewer (161)
[2016.08.25-07.36.25:985][804]LogModuleManager: Shutting down and abandoning module SettingsEditor (160)
[2016.08.25-07.36.26:054][804]LogModuleManager: Shutting down and abandoning module ProjectLauncher (159)
[2016.08.25-07.36.26:086][804]LogModuleManager: Shutting down and abandoning module SessionFrontend (158)
[2016.08.25-07.36.26:119][804]LogModuleManager: Shutting down and abandoning module ProfilerClient (157)
[2016.08.25-07.36.26:156][804]LogModuleManager: Shutting down and abandoning module TargetDeviceServices (156)
[2016.08.25-07.36.26:156][804]LogModuleManager: Shutting down and abandoning module DeviceManager (155)
[2016.08.25-07.36.26:257][804]LogModuleManager: Shutting down and abandoning module AutomationController (154)
[2016.08.25-07.36.26:280][804]LogModuleManager: Shutting down and abandoning module AutomationWindow (153)
[2016.08.25-07.36.26:315][804]LogModuleManager: Shutting down and abandoning module Layers (152)
[2016.08.25-07.36.26:359][804]LogModuleManager: Shutting down and abandoning module ComponentVisualizers (151)
[2016.08.25-07.36.26:359][804]LogModuleManager: Shutting down and abandoning module DetailCustomizations (150)
[2016.08.25-07.36.26:384][804]LogModuleManager: Shutting down and abandoning module PackagesDialog (149)
[2016.08.25-07.36.26:384][804]LogModuleManager: Shutting down and abandoning module Persona (148)
[2016.08.25-07.36.26:469][804]LogModuleManager: Shutting down and abandoning module Kismet (147)
[2016.08.25-07.36.26:469][804]LogModuleManager: Shutting down and abandoning module GraphEditor (146)
[2016.08.25-07.36.26:469][804]LogModuleManager: Shutting down and abandoning module ClassViewer (145)
[2016.08.25-07.36.26:496][804]LogModuleManager: Shutting down and abandoning module Toolbox (144)
[2016.08.25-07.36.26:511][804]LogModuleManager: Shutting down and abandoning module ModuleUI (143)
[2016.08.25-07.36.26:550][804]LogModuleManager: Shutting down and abandoning module MovieSceneTools (142)
[2016.08.25-07.36.26:609][804]LogModuleManager: Shutting down and abandoning module OutputLog (141)
[2016.08.25-07.36.26:630][804]LogModuleManager: Shutting down and abandoning module GammaUI (140)
[2016.08.25-07.36.26:685][804]LogModuleManager: Shutting down and abandoning module Documentation (139)
[2016.08.25-07.36.26:685][804]LogModuleManager: Shutting down and abandoning module StreamingPauseRendering (138)
[2016.08.25-07.36.26:685][804]LogModuleManager: Shutting down and abandoning module AnalyticsET (137)
[2016.08.25-07.36.26:685][804]LogModuleManager: Shutting down and abandoning module Analytics (136)
[2016.08.25-07.36.26:685][804]LogModuleManager: Shutting down and abandoning module PortalServices (135)
[2016.08.25-07.36.26:685][804]LogModuleManager: Shutting down and abandoning module PortalRpc (134)
[2016.08.25-07.36.26:685][804]LogModuleManager: Shutting down and abandoning module MessagingRpc (133)
[2016.08.25-07.36.26:685][804]LogModuleManager: Shutting down and abandoning module GameplayDebugger (132)
[2016.08.25-07.36.26:685][804]LogModuleManager: Shutting down and abandoning module AITestSuite (131)
[2016.08.25-07.36.26:710][804]LogModuleManager: Shutting down and abandoning module AIModule (130)
[2016.08.25-07.36.26:711][804]LogModuleManager: Shutting down and abandoning module ProfilerService (129)
[2016.08.25-07.36.26:813][804]LogModuleManager: Shutting down and abandoning module TaskGraph (128)
[2016.08.25-07.36.26:833][804]LogModuleManager: Shutting down and abandoning module SlateRemote (127)
[2016.08.25-07.36.26:833][804]LogModuleManager: Shutting down and abandoning module SteamVRController (126)
[2016.08.25-07.36.26:833][804]LogModuleManager: Shutting down and abandoning module SteamVR (125)
[2016.08.25-07.36.26:833][804]LogModuleManager: Shutting down and abandoning module ProceduralMeshComponent (124)
[2016.08.25-07.36.26:833][804]LogModuleManager: Shutting down and abandoning module OculusLibrary (123)
[2016.08.25-07.36.26:833][804]LogModuleManager: Shutting down and abandoning module OculusInput (122)
[2016.08.25-07.36.26:833][804]LogModuleManager: Shutting down and abandoning module CustomMeshComponent (121)
[2016.08.25-07.36.26:851][804]LogModuleManager: Shutting down and abandoning module CableComponent (120)
[2016.08.25-07.36.26:851][804]LogModuleManager: Shutting down and abandoning module ArchVisCharacter (119)
[2016.08.25-07.36.26:851][804]LogModuleManager: Shutting down and abandoning module MediaPlayerEditor (118)
[2016.08.25-07.36.26:891][804]LogModuleManager: Shutting down and abandoning module HTML5Networking (117)
[2016.08.25-07.36.26:891][804]LogModuleManager: Shutting down and abandoning module SuperSearch (116)
[2016.08.25-07.36.26:891][804]LogModuleManager: Shutting down and abandoning module SuperSearchEditor (115)
[2016.08.25-07.36.26:891][804]LogModuleManager: Shutting down and abandoning module SpeedTreeImporter (114)
[2016.08.25-07.36.26:891][804]LogModuleManager: Shutting down and abandoning module PluginBrowser (113)
[2016.08.25-07.36.26:909][804]LogModuleManager: Shutting down and abandoning module EpicSurvey (112)
[2016.08.25-07.36.26:909][804]LogModuleManager: Shutting down and abandoning module DesktopPlatform (111)
[2016.08.25-07.36.26:934][804]LogModuleManager: Shutting down and abandoning module VisualStudioSourceCodeAccess (110)
[2016.08.25-07.36.26:952][804]LogModuleManager: Shutting down and abandoning module UObjectPlugin (109)
[2016.08.25-07.36.26:952][804]LogModuleManager: Shutting down and abandoning module SubversionSourceControl (108)
[2016.08.25-07.36.26:979][804]LogModuleManager: Shutting down and abandoning module PerforceSourceControl (107)
[2016.08.25-07.36.27:076][804]LogModuleManager: Shutting down and abandoning module SourceControl (106)
[2016.08.25-07.36.27:122][804]LogModuleManager: Shutting down and abandoning module GitSourceControl (105)
[2016.08.25-07.36.27:155][804]LogModuleManager: Shutting down and abandoning module LightPropagationVolumeEditor (104)
[2016.08.25-07.36.27:155][804]LogModuleManager: Shutting down and abandoning module PaperTiledImporter (103)
[2016.08.25-07.36.27:171][804]LogModuleManager: Shutting down and abandoning module PaperSpriteSheetImporter (102)
[2016.08.25-07.36.27:171][804]LogModuleManager: Shutting down and abandoning module MeshPaint (101)
[2016.08.25-07.36.27:193][804]LogModuleManager: Shutting down and abandoning module PixelInspectorModule (100)
[2016.08.25-07.36.27:222][804]LogModuleManager: Shutting down and abandoning module HotReload (99)
[2016.08.25-07.36.27:302][804]LogModuleManager: Shutting down and abandoning module MainFrame (98)
[2016.08.25-07.36.27:316][804]LogModuleManager: Shutting down and abandoning module LevelEditor (97)
[2016.08.25-07.36.27:333][804]LogModuleManager: Shutting down and abandoning module ContentBrowser (96)
[2016.08.25-07.36.27:334][804]LogModuleManager: Shutting down and abandoning module Paper2DEditor (95)
[2016.08.25-07.36.27:354][804]LogModuleManager: Shutting down and abandoning module UdpMessaging (94)
[2016.08.25-07.36.27:454][804]LogModuleManager: Shutting down and abandoning module LightPropagationVolumeRuntime (93)
[2016.08.25-07.36.27:454][804]LogModuleManager: Shutting down and abandoning module Paper2D (92)
[2016.08.25-07.36.27:466][804]LogModuleManager: Shutting down and abandoning module WindowsMoviePlayer (91)
[2016.08.25-07.36.27:467][804]LogModuleManager: Shutting down and abandoning module Media (90)
[2016.08.25-07.36.27:467][804]LogModuleManager: Shutting down and abandoning module WmfMedia (89)
[2016.08.25-07.36.27:533][804]LogModuleManager: Shutting down and abandoning module MediaAssets (88)
[2016.08.25-07.36.27:533][804]LogModuleManager: Shutting down and abandoning module GameLiveStreaming (87)
[2016.08.25-07.36.27:554][804]LogModuleManager: Shutting down and abandoning module GameplayTagsEditor (86)
[2016.08.25-07.36.27:554][804]LogModuleManager: Shutting down and abandoning module OnlineBlueprintSupport (85)
[2016.08.25-07.36.27:554][804]LogModuleManager: Shutting down and abandoning module VREditor (84)
[2016.08.25-07.36.27:571][804]LogModuleManager: Shutting down and abandoning module GameplayTasksEditor (83)
[2016.08.25-07.36.27:571][804]LogModuleManager: Shutting down and abandoning module PropertyEditor (82)
[2016.08.25-07.36.27:572][804]LogModuleManager: Shutting down and abandoning module BehaviorTreeEditor (81)
[2016.08.25-07.36.27:604][804]LogModuleManager: Shutting down and abandoning module FunctionalTesting (80)
[2016.08.25-07.36.27:604][804]LogModuleManager: Shutting down and abandoning module CollisionAnalyzer (79)
[2016.08.25-07.36.27:653][804]LogModuleManager: Shutting down and abandoning module Sequencer (78)
[2016.08.25-07.36.27:697][804]LogModuleManager: Shutting down and abandoning module WorkspaceMenuStructure (77)
[2016.08.25-07.36.27:697][804]LogModuleManager: Shutting down and abandoning module MessageLog (76)
[2016.08.25-07.36.27:697][804]LogModuleManager: Shutting down and abandoning module AssetTools (75)
[2016.08.25-07.36.27:785][804]LogModuleManager: Shutting down and abandoning module UMGEditor (74)
[2016.08.25-07.36.27:823][804]LogModuleManager: Shutting down and abandoning module UMG (73)
[2016.08.25-07.36.27:864][804]LogModuleManager: Shutting down and abandoning module SlateReflector (72)
[2016.08.25-07.36.28:003][804]LogModuleManager: Shutting down and abandoning module Slate (71)
[2016.08.25-07.36.28:003][804]LogModuleManager: Shutting down and abandoning module EditorStyle (70)
[2016.08.25-07.36.28:025][804]LogModuleManager: Shutting down and abandoning module SourceCodeAccess (69)
[2016.08.25-07.36.28:025][804]LogModuleManager: Shutting down and abandoning module HeadMountedDisplay (68)
[2016.08.25-07.36.28:025][804]LogModuleManager: Shutting down and abandoning module XAudio2 (67)
[2016.08.25-07.36.28:025][804]LogModuleManager: Shutting down and abandoning module Networking (65)
[2016.08.25-07.36.28:025][804]LogModuleManager: Shutting down and abandoning module Core (64)
[2016.08.25-07.36.28:025][804]LogModuleManager: Shutting down and abandoning module DirectoryWatcher (63)
[2016.08.25-07.36.28:026][804]LogModuleManager: Shutting down and abandoning module AssetRegistry (62)
[2016.08.25-07.36.28:195][804]LogModuleManager: Shutting down and abandoning module KismetCompiler (61)
[2016.08.25-07.36.28:196][804]LogModuleManager: Shutting down and abandoning module PhysXFormats (60)
[2016.08.25-07.36.28:196][804]LogModuleManager: Shutting down and abandoning module MeshUtilities (59)
[2016.08.25-07.36.28:304][804]LogModuleManager: Shutting down and abandoning module DerivedDataCache (58)
[2016.08.25-07.36.28:370][804]LogDerivedDataCache: Shutdown
[2016.08.25-07.36.28:370][804]LogModuleManager: Shutting down and abandoning module VulkanShaderFormat (57)
[2016.08.25-07.36.28:392][804]LogModuleManager: Shutting down and abandoning module ShaderFormatOpenGL (56)
[2016.08.25-07.36.28:434][804]LogModuleManager: Shutting down and abandoning module ShaderFormatD3D (55)
[2016.08.25-07.36.28:478][804]LogModuleManager: Shutting down and abandoning module MetalShaderFormat (54)
[2016.08.25-07.36.28:508][804]LogModuleManager: Shutting down and abandoning module TextureFormatUncompressed (53)
[2016.08.25-07.36.28:509][804]LogModuleManager: Shutting down and abandoning module TextureFormatPVR (52)
[2016.08.25-07.36.28:525][804]LogModuleManager: Shutting down and abandoning module TextureFormatIntelISPCTexComp (51)
[2016.08.25-07.36.28:547][804]LogModuleManager: Shutting down and abandoning module TextureFormatDXT (50)
[2016.08.25-07.36.28:547][804]LogModuleManager: Shutting down and abandoning module ImageWrapper (49)
[2016.08.25-07.36.28:547][804]LogModuleManager: Shutting down and abandoning module TextureFormatASTC (48)
[2016.08.25-07.36.28:547][804]LogModuleManager: Shutting down and abandoning module TextureFormatAndroid (47)
[2016.08.25-07.36.28:547][804]LogModuleManager: Shutting down and abandoning module AudioFormatOpus (46)
[2016.08.25-07.36.28:564][804]LogModuleManager: Shutting down and abandoning module AudioFormatOgg (45)
[2016.08.25-07.36.28:587][804]LogModuleManager: Shutting down and abandoning module AudioFormatADPCM (44)
[2016.08.25-07.36.28:613][804]LogModuleManager: Shutting down and abandoning module LinuxTargetPlatform (43)
[2016.08.25-07.36.28:613][804]LogModuleManager: Shutting down and abandoning module LinuxServerTargetPlatform (42)
[2016.08.25-07.36.28:648][804]LogModuleManager: Shutting down and abandoning module LinuxNoEditorTargetPlatform (41)
[2016.08.25-07.36.28:705][804]LogModuleManager: Shutting down and abandoning module TVOSTargetPlatform (40)
[2016.08.25-07.36.28:716][804]LogModuleManager: Shutting down and abandoning module Messaging (39)
[2016.08.25-07.36.28:716][804]LogModuleManager: Shutting down and abandoning module IOSTargetPlatform (38)
[2016.08.25-07.36.28:716][804]LogModuleManager: Shutting down and abandoning module HTML5TargetPlatform (37)
[2016.08.25-07.36.28:716][804]LogModuleManager: Shutting down and abandoning module Android_PVRTCTargetPlatform (36)
[2016.08.25-07.36.28:716][804]LogModuleManager: Shutting down and abandoning module Android_MultiTargetPlatform (35)
[2016.08.25-07.36.28:749][804]LogModuleManager: Shutting down and abandoning module Android_ETC2TargetPlatform (34)
[2016.08.25-07.36.28:749][804]LogModuleManager: Shutting down and abandoning module Android_ETC1TargetPlatform (33)
[2016.08.25-07.36.28:749][804]LogModuleManager: Shutting down and abandoning module Android_DXTTargetPlatform (32)
[2016.08.25-07.36.28:749][804]LogModuleManager: Shutting down and abandoning module Android_ATCTargetPlatform (31)
[2016.08.25-07.36.28:749][804]LogModuleManager: Shutting down and abandoning module Android_ASTCTargetPlatform (30)
[2016.08.25-07.36.28:749][804]LogModuleManager: Shutting down and abandoning module AndroidTargetPlatform (29)
[2016.08.25-07.36.28:749][804]LogModuleManager: Shutting down and abandoning module WindowsTargetPlatform (28)
[2016.08.25-07.36.28:749][804]LogModuleManager: Shutting down and abandoning module WindowsServerTargetPlatform (27)
[2016.08.25-07.36.28:768][804]LogModuleManager: Shutting down and abandoning module WindowsNoEditorTargetPlatform (26)
[2016.08.25-07.36.28:776][804]LogModuleManager: Shutting down and abandoning module WindowsClientTargetPlatform (25)
[2016.08.25-07.36.28:789][804]LogModuleManager: Shutting down and abandoning module AllDesktopTargetPlatform (24)
[2016.08.25-07.36.28:789][804]LogModuleManager: Shutting down and abandoning module TargetPlatform (23)
[2016.08.25-07.36.28:810][804]LogModuleManager: Shutting down and abandoning module InputCore (22)
[2016.08.25-07.36.28:810][804]LogModuleManager: Shutting down and abandoning module Settings (21)
[2016.08.25-07.36.28:810][804]LogModuleManager: Shutting down and abandoning module OnlineSubsystem (19)
[2016.08.25-07.36.28:829][804]LogModuleManager: Shutting down and abandoning module HTTP (18)
[2016.08.25-07.36.33:029][804]LogModuleManager: Shutting down and abandoning module XMPP (17)
[2016.08.25-07.36.33:079][804]LogModuleManager: Shutting down and abandoning module OculusRift (16)
[2016.08.25-07.36.33:112][804]LogModuleManager: Shutting down and abandoning module ExampleDeviceProfileSelector (15)
[2016.08.25-07.36.33:112][804]LogModuleManager: Shutting down and abandoning module TextureCompressor (14)
[2016.08.25-07.36.33:129][804]LogModuleManager: Shutting down and abandoning module ShaderCore (13)
[2016.08.25-07.36.33:129][804]LogModuleManager: Shutting down and abandoning module Landscape (12)
[2016.08.25-07.36.33:129][804]LogModuleManager: Shutting down and abandoning module SlateRHIRenderer (11)
[2016.08.25-07.36.33:154][804]LogModuleManager: Shutting down and abandoning module OpenGLDrv (10)
[2016.08.25-07.36.33:190][804]LogModuleManager: Shutting down and abandoning module D3D11RHI (9)
[2016.08.25-07.36.33:190][804]LogModuleManager: Shutting down and abandoning module AnimGraphRuntime (8)
[2016.08.25-07.36.33:190][804]LogModuleManager: Shutting down and abandoning module Renderer (7)
[2016.08.25-07.36.33:190][804]LogModuleManager: Shutting down and abandoning module Engine (6)
[2016.08.25-07.36.33:190][804]LogModuleManager: Shutting down and abandoning module CoreUObject (5)
[2016.08.25-07.36.33:190][804]LogModuleManager: Shutting down and abandoning module NetworkFile (4)
[2016.08.25-07.36.33:235][804]LogModuleManager: Shutting down and abandoning module StreamingFile (3)
[2016.08.25-07.36.33:242][804]LogModuleManager: Shutting down and abandoning module SandboxFile (2)
[2016.08.25-07.36.33:275][804]LogModuleManager: Shutting down and abandoning module PakFile (1)
[2016.08.25-07.36.33:315][804]LogExit: Exiting.
[2016.08.25-07.36.33:332][804]Log file closed, 08/25/16 03:36:33
