Log file open, 08/08/16 18:21:24
LogInit:Display: Running engine for game: SpaceVR
LogPlatformFile: Not using cached read wrapper
LogInit:Display: RandInit(1643397872) SRandInit(1643397872).
LogTaskGraph: Started task graph with 4 named threads and 7 total threads with 1 sets of task threads.
LogStats: Stats thread started at 0.071824
LogInit: Version: 4.12.5-3039270+++UE4+Release-4.12
LogInit: API Version: 2992821
LogInit: Net Version: 3039270
LogDevObjectVersion: Number of dev versions registered: 13
LogDevObjectVersion:   Dev-Blueprints (B0D832E4-1F89-4F0D-ACCF-7EB736FD4AA2): 3
LogDevObjectVersion:   Dev-Build (E1C64328-A22C-4D53-A36C-8E866417BD8C): 0
LogDevObjectVersion:   Dev-Core (375EC13C-06E4-48FB-B500-84F0262A717E): 1
LogDevObjectVersion:   Dev-Editor (E4B068ED-F494-42E9-A231-DA0B2E46BB41): 2
LogDevObjectVersion:   Dev-Framework (CFFC743F-43B0-4480-9391-14DF171D2073): 6
LogDevObjectVersion:   Dev-Mobile (B02B49B5-BB20-44E9-A304-32B752E40360): 0
LogDevObjectVersion:   Dev-Networking (A4E4105C-59A1-49B5-A7C5-40C4547EDFEE): 0
LogDevObjectVersion:   Dev-Online (39C831C9-5AE6-47DC-9A44-9C173E1C8E7C): 0
LogDevObjectVersion:   Dev-Physics (78F01B33-EBEA-4F98-B9B4-84EACCB95AA2): 0
LogDevObjectVersion:   Dev-Platform (6631380F-2D4D-43E0-8009-CF276956A95A): 0
LogDevObjectVersion:   Dev-Rendering (12F88B9F-8875-4AFC-A67C-D90C383ABD29): 2
LogDevObjectVersion:   Dev-Sequencer (7B5AE74C-D270-4C10-A958-57980B212A5A): 0
LogDevObjectVersion:   Dev-VR (D7296918-1DD6-4BDD-9DE2-64A83CC13884): 0
LogInit: Compiled (64-bit): Jul  6 2016 09:09:46
LogInit: Compiled with Visual C++: 19.00.23026.00
LogInit: Build Configuration: Development
LogInit: Branch Name: ++UE4+Release-4.12
LogInit: Command line: -EpicPortal 
LogInit: Base directory: C:/Program Files (x86)/Epic Games/4.12/Engine/Binaries/Win64/
LogInit: Installed Engine Build: 1
LogInit: Using libcurl 7.41.0
LogInit:  - built for x86_64-pc-win32
LogInit:  - supports SSL with WinSSL
LogInit:  - other features:
LogInit:      CURL_VERSION_SSL
LogInit:      CURL_VERSION_IPV6
LogInit:      CURL_VERSION_ASYNCHDNS
LogInit:      CURL_VERSION_LARGEFILE
LogInit:      CURL_VERSION_IDN
LogInit:  CurlRequestOptions (configurable via config and command line):
LogInit:  - bVerifyPeer = true  - Libcurl will verify peer certificate
LogInit:  - bUseHttpProxy = false  - Libcurl will NOT use HTTP proxy
LogInit:  - bDontReuseConnections = false  - Libcurl will reuse connections
LogInit:  - CertBundlePath = nullptr  - Libcurl will use whatever was configured at build time.
LogInit: Presizing for max 8388607 objects, including 0 objects not considered by GC, pre-allocating 0 bytes for permanent pool.
LogInit: Object subsystem initialized
[2016.08.08-22.21.24:654][  0]LogInit: Selected Device Profile: [Windows]
[2016.08.08-22.21.24:654][  0]LogInit: Applying CVar settings loaded from the selected device profile: [Windows]
[2016.08.08-22.21.24:661][  0]LogInit: Computer: ILIKEHOME-LAP
[2016.08.08-22.21.24:661][  0]LogInit: User: Kevin
[2016.08.08-22.21.24:661][  0]LogInit: CPU Page size=65536, Cores=4
[2016.08.08-22.21.24:661][  0]LogInit: High frequency timer resolution =2.338347 MHz
[2016.08.08-22.21.24:662][  0]LogMemory: Memory total: Physical=15.9GB (16GB approx)
[2016.08.08-22.21.24:662][  0]LogMemory: Platform Memory Stats for Windows
[2016.08.08-22.21.24:662][  0]LogMemory: Process Physical Memory: 188.64 MB used, 188.64 MB peak
[2016.08.08-22.21.24:662][  0]LogMemory: Process Virtual Memory: 194.87 MB used, 194.87 MB peak
[2016.08.08-22.21.24:662][  0]LogMemory: Physical Memory: 3806.00 MB used, 16271.36 MB total
[2016.08.08-22.21.24:662][  0]LogMemory: Virtual Memory: 537.44 MB used, 134217728.00 MB total
[2016.08.08-22.21.24:692][  0]LogTextLocalizationManager: No specific translations for ('en-US') exist, so ('en') translations will be used.
[2016.08.08-22.21.25:077][  0]LogD3D11RHI: D3D11 adapters:
[2016.08.08-22.21.25:107][  0]LogD3D11RHI:    0. 'NVIDIA GeForce GTX 780M' (Feature Level 11_0)
[2016.08.08-22.21.25:107][  0]LogD3D11RHI:       3994/0/8135 MB DedicatedVideo/DedicatedSystem/SharedSystem, Outputs:1, VendorId:0x10de
[2016.08.08-22.21.25:129][  0]LogD3D11RHI:    1. 'Intel(R) HD Graphics 4600' (Feature Level 11_0)
[2016.08.08-22.21.25:129][  0]LogD3D11RHI:       0/0/1792 MB DedicatedVideo/DedicatedSystem/SharedSystem, Outputs:1, VendorId:0x8086
[2016.08.08-22.21.25:130][  0]LogD3D11RHI:    2. 'Microsoft Basic Render Driver' (Feature Level 11_0)
[2016.08.08-22.21.25:130][  0]LogD3D11RHI:       0/0/256 MB DedicatedVideo/DedicatedSystem/SharedSystem, Outputs:0, VendorId:0x1414
[2016.08.08-22.21.25:130][  0]LogD3D11RHI: Chosen D3D11 Adapter: 0
[2016.08.08-22.21.25:136][  0]LogD3D11RHI: Creating new Direct3DDevice
[2016.08.08-22.21.25:136][  0]LogD3D11RHI:     GPU DeviceId: 0x119f (for the marketing name, search the web for "GPU Device Id")
[2016.08.08-22.21.25:136][  0]LogWindows: EnumDisplayDevices:
[2016.08.08-22.21.25:136][  0]LogWindows:    0. 'Intel(R) HD Graphics 4600' (P:0 D:1)
[2016.08.08-22.21.25:136][  0]LogWindows:    1. 'Intel(R) HD Graphics 4600' (P:0 D:0)
[2016.08.08-22.21.25:136][  0]LogWindows:    2. 'Intel(R) HD Graphics 4600' (P:0 D:0)
[2016.08.08-22.21.25:136][  0]LogWindows:    3. 'NVIDIA GeForce GTX 780M' (P:1 D:1)
[2016.08.08-22.21.25:136][  0]LogWindows:    4. 'NVIDIA GeForce GTX 780M' (P:0 D:0)
[2016.08.08-22.21.25:137][  0]LogWindows:    5. 'NVIDIA GeForce GTX 780M' (P:0 D:0)
[2016.08.08-22.21.25:137][  0]LogWindows:    6. 'NVIDIA GeForce GTX 780M' (P:0 D:0)
[2016.08.08-22.21.25:137][  0]LogWindows: DebugString: PrimaryIsNotTheChoosenAdapter PrimaryIsNotTheChoosenAdapter PrimaryIsNotTheChoosenAdapter FoundDriverCount:4 
[2016.08.08-22.21.25:137][  0]LogD3D11RHI:     Adapter Name: NVIDIA GeForce GTX 780M
[2016.08.08-22.21.25:137][  0]LogD3D11RHI:   Driver Version: 365.10 (internal:10.18.13.6510, unified:365.10)
[2016.08.08-22.21.25:137][  0]LogD3D11RHI:      Driver Date: 4-27-2016
[2016.08.08-22.21.25:137][  0]LogRHI: Texture pool is 1361 MB (70% of 1945 MB)
[2016.08.08-22.21.25:148][  0]LogD3D11RHI: Async texture creation enabled
[2016.08.08-22.21.25:166][  0]LogD3D11RHI: GPU Timing Frequency: 1000.000000 (Debug: 2 2)
[2016.08.08-22.21.25:166][  0]LogShaderCompilers: Guid format shader working directory is -17 characters bigger than the processId version (../../../../../../Users/Kevin/Documents/Unreal Projects/SpaceVR/Intermediate/Shaders/WorkingDirectory/4232/).
[2016.08.08-22.21.25:166][  0]LogShaderCompilers: Cleaned the shader compiler working directory 'C:/Users/Kevin/AppData/Local/Temp/UnrealShaderWorkingDir/E11D626342EF38F485B78CBB1B02DD87/'.
[2016.08.08-22.21.25:166][  0]LogShaderCompilers:Display: Using Local Shader Compiler.
[2016.08.08-22.21.26:446][  0]LogTemp:Display: Loaded TP AllDesktopTargetPlatform
[2016.08.08-22.21.26:454][  0]LogTemp:Display: Loaded TP WindowsClientTargetPlatform
[2016.08.08-22.21.26:463][  0]LogTemp:Display: Loaded TP WindowsNoEditorTargetPlatform
[2016.08.08-22.21.26:472][  0]LogTemp:Display: Loaded TP WindowsServerTargetPlatform
[2016.08.08-22.21.26:480][  0]LogTemp:Display: Loaded TP WindowsTargetPlatform
[2016.08.08-22.21.26:487][  0]LogTemp:Display: Loaded TP AndroidTargetPlatform
[2016.08.08-22.21.26:495][  0]LogTemp:Display: Loaded TP Android_ASTCTargetPlatform
[2016.08.08-22.21.26:503][  0]LogTemp:Display: Loaded TP Android_ATCTargetPlatform
[2016.08.08-22.21.26:511][  0]LogTemp:Display: Loaded TP Android_DXTTargetPlatform
[2016.08.08-22.21.26:518][  0]LogTemp:Display: Loaded TP Android_ETC1TargetPlatform
[2016.08.08-22.21.26:526][  0]LogTemp:Display: Loaded TP Android_ETC2TargetPlatform
[2016.08.08-22.21.26:540][  0]LogTemp:Display: Loaded TP Android_MultiTargetPlatform
[2016.08.08-22.21.26:540][  0]LogTemp:Display: Loaded TP Android_PVRTCTargetPlatform
[2016.08.08-22.21.26:541][  0]LogTemp:Display: Loaded TP HTML5TargetPlatform
[2016.08.08-22.21.26:561][  0]LogTemp:Display: Loaded TP IOSTargetPlatform
[2016.08.08-22.21.26:568][  0]LogTemp:Display: Loaded TP TVOSTargetPlatform
[2016.08.08-22.21.26:576][  0]LogTemp:Display: Loaded TP LinuxNoEditorTargetPlatform
[2016.08.08-22.21.26:583][  0]LogTemp:Display: Loaded TP LinuxServerTargetPlatform
[2016.08.08-22.21.26:590][  0]LogTemp:Display: Loaded TP LinuxTargetPlatform
[2016.08.08-22.21.26:590][  0]LogTargetPlatformManager:Display: Building Assets For Windows
[2016.08.08-22.21.26:646][  0]LogDerivedDataCache:Display: Max Cache Size: 512 MB
[2016.08.08-22.21.26:707][  0]LogDerivedDataCache: Loaded boot cache 0.06s 62MB C:/Users/Kevin/AppData/Local/UnrealEngine/4.12/DerivedDataCache/Boot.ddc.
[2016.08.08-22.21.26:708][  0]LogDerivedDataCache:Display: Loaded Boot cache: C:/Users/Kevin/AppData/Local/UnrealEngine/4.12/DerivedDataCache/Boot.ddc
[2016.08.08-22.21.26:708][  0]LogDerivedDataCache: FDerivedDataBackendGraph:  Pak pak cache file ../../../../../../Users/Kevin/Documents/Unreal Projects/SpaceVR/DerivedDataCache/DDC.ddp not found, will not use a pak cache.
[2016.08.08-22.21.26:708][  0]LogDerivedDataCache: Unable to find inner node Pak for hierarchical cache Hierarchy.
[2016.08.08-22.21.26:708][  0]LogDerivedDataCache: FDerivedDataBackendGraph:  CompressedPak pak cache file ../../../../../../Users/Kevin/Documents/Unreal Projects/SpaceVR/DerivedDataCache/Compressed.ddp not found, will not use a pak cache.
[2016.08.08-22.21.26:708][  0]LogDerivedDataCache: Unable to find inner node CompressedPak for hierarchical cache Hierarchy.
[2016.08.08-22.21.26:724][  0]LogDerivedDataCache:Display: Pak cache opened for reading ../../../Engine/DerivedDataCache/Compressed.ddp.
[2016.08.08-22.21.26:736][  0]LogDerivedDataCache: Using Local data cache path C:/Users/Kevin/AppData/Local/UnrealEngine/Common/DerivedDataCache: Writable
[2016.08.08-22.21.26:895][  0]LogInit: Selected Device Profile: [Windows]
[2016.08.08-22.21.26:895][  0]LogContentStreaming: Texture pool size is 0.00 MB
[2016.08.08-22.21.27:038][  0]LogMeshUtilities: No automatic mesh reduction module available
[2016.08.08-22.21.27:038][  0]LogMeshUtilities: No automatic mesh merging module available
[2016.08.08-22.21.27:038][  0]LogMeshUtilities: No distributed automatic mesh merging module available
[2016.08.08-22.21.27:262][  0]LogAssetRegistry: FAssetRegistry took 0.0215 seconds to start up
[2016.08.08-22.21.27:285][  0]LogPackageLocalizationCache: Processed 3 localized package path(s) for 2 prioritized culture(s) in 0.020386 seconds
[2016.08.08-22.21.27:290][  0]LogUObjectArray: 28739 objects as part of root set at end of initial load.
[2016.08.08-22.21.27:290][  0]LogUObjectAllocator: 5855624 out of 0 bytes used by permanent object pool.
[2016.08.08-22.21.27:290][  0]LogUObjectArray: CloseDisregardForGC: 0/0 objects in disregard for GC pool
[2016.08.08-22.21.27:295][  0]LogInit: WinSock: version 1.1 (2.2), MaxSocks=32767, MaxUdp=65467
[2016.08.08-22.21.27:441][  0]LogSlate: SlateFontCache - WITH_FREETYPE: 1, WITH_HARFBUZZ: 1
[2016.08.08-22.21.27:441][  0]LogSlate: SlateFontCache - WITH_FREETYPE: 1, WITH_HARFBUZZ: 1
[2016.08.08-22.21.27:989][  0]LogUdpMessaging: Initializing bridge on interface 0.0.0.0:0 to multicast group 230.0.0.1:6666.
[2016.08.08-22.21.28:196][  0]SourceControl: Info Source control is disabled
[2016.08.08-22.21.28:197][  0]SourceControl: Info Source control is disabled
[2016.08.08-22.21.28:205][  0]SourceControl: Info Source control is disabled
[2016.08.08-22.21.28:213][  0]SourceControl: Info Source control is disabled
[2016.08.08-22.21.28:370][  0]LogEngine: Initializing Engine...
[2016.08.08-22.21.28:370][  0]LogHMD: SteamVR failed to initialize.  Err: 110
[2016.08.08-22.21.28:371][  0]LogHMD: SteamVR failed to initialize.  Err: 110
[2016.08.08-22.21.28:494][  0]LogAIModule: Creating AISystem for world NewWorld
[2016.08.08-22.21.28:501][  0]LogInit: XAudio2 using 'Speakers (2- Logitech USB Headset)' : 2 channels at 44.1 kHz using 16 bits per sample (channel mask 0x3)
[2016.08.08-22.21.28:518][  0]LogInit: FAudioDevice initialized.
[2016.08.08-22.21.28:546][  0]LogDerivedDataCache: Saved boot cache 0.03s 62MB C:/Users/Kevin/AppData/Local/UnrealEngine/4.12/DerivedDataCache/Boot.ddc.
[2016.08.08-22.21.28:552][  0]LogInit: Texture streaming: Enabled
[2016.08.08-22.21.28:569][  0]LogInit: Transaction tracking system initialized
[2016.08.08-22.21.28:586][  0]BlueprintLog: New page: Editor Load
[2016.08.08-22.21.28:636][  0]LocalizationService: Info Localization service is disabled
[2016.08.08-22.21.28:685][  0]LogConsoleResponse:Display: 
[2016.08.08-22.21.28:781][  0]LogCook:Display: Max memory allowance for cook 8192mb
[2016.08.08-22.21.28:781][  0]LogCook:Display: Mobile HDR setting 1
[2016.08.08-22.21.28:850][  0]LogFileCache: Scanning file cache for directory 'C:/Users/Kevin/Documents/Unreal Projects/SpaceVR/Content/' took 0.01s
[2016.08.08-22.21.28:850][  0]SourceControl: Info Source control is disabled
[2016.08.08-22.21.28:851][  0]Cmd: MAP LOAD FILE="../../../../../../Users/Kevin/Documents/Unreal Projects/SpaceVR/Content/FlyingBP/Maps/FlyingExampleMap.umap" TEMPLATE=0 SHOWPROGRESS=1 FEATURELEVEL=3
[2016.08.08-22.21.28:853][  0]LightingResults: New page: Lighting Build
[2016.08.08-22.21.28:855][  0]MapCheck: New page: Map Check
[2016.08.08-22.21.28:855][  0]LightingResults: New page: Lighting Build
[2016.08.08-22.21.29:482][  0]LogAIModule: Creating AISystem for world FlyingExampleMap
[2016.08.08-22.21.29:495][  0]LogEditorServer: Finished looking for orphan Actors (0.000 secs)
[2016.08.08-22.21.29:496][  0]Cmd: MAP CHECKDEP NOCLEARLOG
[2016.08.08-22.21.29:525][  0]MapCheck: Info Map check complete: 0 Error(s), 0 Warning(s), took 29.006ms to complete.
[2016.08.08-22.21.29:525][  0]LogFileHelpers: Loading map 'FlyingExampleMap' took 0.674
[2016.08.08-22.21.29:723][  0]LogCollectionManager: Loaded 0 collections in 0.001286 seconds
[2016.08.08-22.21.29:779][  0]LogFileCache: Scanning file cache for directory 'C:/Users/Kevin/Documents/Unreal Projects/SpaceVR/Saved/Collections/' took 0.01s
[2016.08.08-22.21.29:779][  0]LogFileCache: Scanning file cache for directory 'C:/Users/Kevin/Documents/Unreal Projects/SpaceVR/Content/Developers/Kevin/Collections/' took 0.01s
[2016.08.08-22.21.29:779][  0]LogFileCache: Scanning file cache for directory 'C:/Users/Kevin/Documents/Unreal Projects/SpaceVR/Content/Collections/' took 0.01s
[2016.08.08-22.21.29:779][  0]LogCollectionManager: Rebuilt the GUID cache for 0 collections in 0.000003 seconds
[2016.08.08-22.21.29:790][  0]LogContentBrowser: Native class hierarchy populated in 0.0087 seconds. Added 2047 classes and 369 folders.
[2016.08.08-22.21.29:797][  0]LogStats: UGameplayTagsManager::ConstructGameplayTagTree: Construct from data asset -  0.000 s
[2016.08.08-22.21.29:797][  0]LogStats: UGameplayTagsManager::ConstructGameplayTagTree: GameplayTagTreeChangedEvent.Broadcast -  0.000 s
[2016.08.08-22.21.29:798][  0]LogContentBrowser: Native class hierarchy updated for 'GameplayTags' in 0.0004 seconds. Added 12 classes and 0 folders.
[2016.08.08-22.21.29:805][  0]LogContentBrowser: Native class hierarchy updated for 'WidgetCarousel' in 0.0004 seconds. Added 0 classes and 0 folders.
[2016.08.08-22.21.29:904][  0]LogContentBrowser: Native class hierarchy updated for 'AddContentDialog' in 0.0004 seconds. Added 0 classes and 0 folders.
[2016.08.08-22.21.29:913][  0]LogContentBrowser: Native class hierarchy updated for 'SceneOutliner' in 0.0005 seconds. Added 1 classes and 2 folders.
[2016.08.08-22.21.29:960][  0]LogCrashTracker: Crashtracker disabled due to settings.
[2016.08.08-22.21.29:973][  0]LogUObjectGlobals:Warning: Failed to find object 'Class None.'
[2016.08.08-22.21.30:000][  0]LogContentBrowser: Native class hierarchy updated for 'HierarchicalLODOutliner' in 0.0004 seconds. Added 1 classes and 2 folders.
[2016.08.08-22.21.30:001][  0]LogLoad: Full Startup: 5.91 seconds (BP compile: 0.09 seconds)
[2016.08.08-22.21.30:001][  0]LogExternalProfiler: Found external profiler: VSPerf
[2016.08.08-22.21.30:001][  0]LogExternalProfiler: Using external profiler: VSPerf
[2016.08.08-22.21.30:010][  0]LogOcInput: OculusInput pre-init called
[2016.08.08-22.21.30:028][  0]LogContentStreaming: Texture pool size now 1000 MB
[2016.08.08-22.21.30:210][  0]LogRenderer: Reallocating scene render targets to support 1208x576 (Frame:2).
[2016.08.08-22.21.30:295][  1]LogAssetRegistry: Asset discovery search completed in 3.0560 seconds
[2016.08.08-22.21.30:295][  1]LogCollectionManager: Rebuilt the object cache for 0 collections in 0.000001 seconds (found 0 objects)
[2016.08.08-22.21.30:295][  1]LogCollectionManager: Fixed up redirectors for 0 collections in 0.000021 seconds (updated 0 objects)
[2016.08.08-22.21.33:259][245]LogContentBrowser: Native class hierarchy updated for 'BlueprintGraph' in 0.0007 seconds. Added 111 classes and 0 folders.
[2016.08.08-22.21.33:791][245]LogTexture:Display: Building textures: TilePatine_N (BC5)
[2016.08.08-22.21.33:826][245]LogTexture:Display: Building textures: TilePatine_D (AutoDXT)
[2016.08.08-22.21.34:066][245]LogTexture:Display: Building textures: Blueprint_64x (BGRA8)
[2016.08.08-22.29.06:989][202]BlueprintLog: New page: Compile FlyingPawn
[2016.08.08-22.29.07:055][202]LogBlueprint:Warning: Compiler Warning Input Axis Event references unknown Axis 'Roll' for  InputAxis Roll 
[2016.08.08-22.29.07:180][202]LogBlueprint:Warning: Compiler Warning [0463.09] Compile of FlyingPawn successful, but with 1 Warning(s) [in 191 ms] (/Game/FlyingBP/Blueprints/FlyingPawn.FlyingPawn)
[2016.08.08-22.29.07:180][202]BlueprintEditorCompileResults:Warning: Warning Input Axis Event references unknown Axis 'Roll' for  InputAxis Roll 
[2016.08.08-22.29.07:180][202]BlueprintEditorCompileResults:Warning: Warning [0463.09] Compile of FlyingPawn successful, but with 1 Warning(s) [in 191 ms] (/Game/FlyingBP/Blueprints/FlyingPawn.FlyingPawn)
[2016.08.08-22.29.40:504][150]BlueprintLog: New page: Compile FlyingPawn
[2016.08.08-22.29.40:652][150]BlueprintEditorCompileResults: Info [0496.57] Compile of FlyingPawn successful! [in 148 ms] (/Game/FlyingBP/Blueprints/FlyingPawn.FlyingPawn)
[2016.08.08-22.34.25:584][843]BlueprintLog: New page: Compile FlyingPawn
[2016.08.08-22.34.26:113][843]BlueprintEditorCompileResults: Info [0782.03] Compile of FlyingPawn successful! [in 528 ms] (/Game/FlyingBP/Blueprints/FlyingPawn.FlyingPawn)
[2016.08.08-22.37.50:999][928]LogSavePackage: Save=543.64ms
[2016.08.08-22.37.50:999][928]LogSavePackage: Moving '../../../../../../Users/Kevin/Documents/Unreal Projects/SpaceVR/Saved/FlyingExampleMap_Auto10E3BCF35434A0675BC898C8046039253.tmp' to '../../../../../../Users/Kevin/Documents/Unreal Projects/SpaceVR/Saved/Autosaves/Game/FlyingBP/Maps/FlyingExampleMap_Auto1.umap'
[2016.08.08-22.37.51:000][928]LogSavePackage:Display: Finished SavePackage ../../../../../../Users/Kevin/Documents/Unreal Projects/SpaceVR/Saved/Autosaves/Game/FlyingBP/Maps/FlyingExampleMap_Auto1.umap
[2016.08.08-22.37.51:002][928]LogFileHelpers: Editor autosave (incl. sublevels) for '/Game/FlyingBP/Maps/FlyingExampleMap' took 0.598
[2016.08.08-22.37.51:002][928]LogFileHelpers: Editor autosave (incl. sublevels) for all levels took 0.598
[2016.08.08-22.37.51:005][928]OBJ SavePackage: Generating thumbnails for [1] asset(s) in package [/Game/FlyingBP/Blueprints/FlyingPawn] ([1] browsable assets)...
[2016.08.08-22.37.51:021][928]OBJ SavePackage:     Rendered thumbnail for [Blueprint /Game/FlyingBP/Blueprints/FlyingPawn.FlyingPawn]
[2016.08.08-22.37.51:021][928]OBJ SavePackage: Finished generating thumbnails for package [/Game/FlyingBP/Blueprints/FlyingPawn]
[2016.08.08-22.37.51:166][928]LogSavePackage: Save=142.20ms
[2016.08.08-22.37.51:166][928]LogSavePackage: Moving '../../../../../../Users/Kevin/Documents/Unreal Projects/SpaceVR/Saved/FlyingPawn_Auto1CADD86B74D85E0BE5C0BF8B207B3A2EF.tmp' to '../../../../../../Users/Kevin/Documents/Unreal Projects/SpaceVR/Saved/Autosaves/Game/FlyingBP/Blueprints/FlyingPawn_Auto1.uasset'
[2016.08.08-22.37.51:168][928]LogSavePackage:Display: Finished SavePackage ../../../../../../Users/Kevin/Documents/Unreal Projects/SpaceVR/Saved/Autosaves/Game/FlyingBP/Blueprints/FlyingPawn_Auto1.uasset
[2016.08.08-22.37.51:168][928]LogFileHelpers: Auto-saving content packages took 0.165
[2016.08.08-22.48.52:273][566]LogSavePackage: Save=544.98ms
[2016.08.08-22.48.52:273][566]LogSavePackage: Moving '../../../../../../Users/Kevin/Documents/Unreal Projects/SpaceVR/Saved/FlyingExampleMap_Auto2889D560747375912E813E4BDDE5BCF96.tmp' to '../../../../../../Users/Kevin/Documents/Unreal Projects/SpaceVR/Saved/Autosaves/Game/FlyingBP/Maps/FlyingExampleMap_Auto2.umap'
[2016.08.08-22.48.52:274][566]LogSavePackage:Display: Finished SavePackage ../../../../../../Users/Kevin/Documents/Unreal Projects/SpaceVR/Saved/Autosaves/Game/FlyingBP/Maps/FlyingExampleMap_Auto2.umap
[2016.08.08-22.48.52:275][566]LogFileHelpers: Editor autosave (incl. sublevels) for '/Game/FlyingBP/Maps/FlyingExampleMap' took 0.593
[2016.08.08-22.48.52:275][566]LogFileHelpers: Editor autosave (incl. sublevels) for all levels took 0.593
[2016.08.08-22.48.52:280][566]OBJ SavePackage: Generating thumbnails for [1] asset(s) in package [/Game/FlyingBP/Blueprints/FlyingPawn] ([1] browsable assets)...
[2016.08.08-22.48.52:294][566]OBJ SavePackage:     Rendered thumbnail for [Blueprint /Game/FlyingBP/Blueprints/FlyingPawn.FlyingPawn]
[2016.08.08-22.48.52:294][566]OBJ SavePackage: Finished generating thumbnails for package [/Game/FlyingBP/Blueprints/FlyingPawn]
[2016.08.08-22.48.52:434][566]LogSavePackage: Save=136.44ms
[2016.08.08-22.48.52:434][566]LogSavePackage: Moving '../../../../../../Users/Kevin/Documents/Unreal Projects/SpaceVR/Saved/FlyingPawn_Auto230E0FE8D40FFA89B66AC6EAA6B837692.tmp' to '../../../../../../Users/Kevin/Documents/Unreal Projects/SpaceVR/Saved/Autosaves/Game/FlyingBP/Blueprints/FlyingPawn_Auto2.uasset'
[2016.08.08-22.48.52:436][566]LogSavePackage:Display: Finished SavePackage ../../../../../../Users/Kevin/Documents/Unreal Projects/SpaceVR/Saved/Autosaves/Game/FlyingBP/Blueprints/FlyingPawn_Auto2.uasset
[2016.08.08-22.48.52:436][566]LogFileHelpers: Auto-saving content packages took 0.159
[2016.08.08-22.51.07:701][ 95]LogEditorTransaction: Undo Delete current selection
[2016.08.08-22.59.33:346][626]LogSavePackage: Save=548.36ms
[2016.08.08-22.59.33:346][626]LogSavePackage: Moving '../../../../../../Users/Kevin/Documents/Unreal Projects/SpaceVR/Saved/FlyingExampleMap_Auto317B5F3F74A52C9732732C7B9B6C45F61.tmp' to '../../../../../../Users/Kevin/Documents/Unreal Projects/SpaceVR/Saved/Autosaves/Game/FlyingBP/Maps/FlyingExampleMap_Auto3.umap'
[2016.08.08-22.59.33:348][626]LogSavePackage:Display: Finished SavePackage ../../../../../../Users/Kevin/Documents/Unreal Projects/SpaceVR/Saved/Autosaves/Game/FlyingBP/Maps/FlyingExampleMap_Auto3.umap
[2016.08.08-22.59.33:349][626]LogFileHelpers: Editor autosave (incl. sublevels) for '/Game/FlyingBP/Maps/FlyingExampleMap' took 0.607
[2016.08.08-22.59.33:349][626]LogFileHelpers: Editor autosave (incl. sublevels) for all levels took 0.607
[2016.08.08-22.59.33:355][626]OBJ SavePackage: Generating thumbnails for [1] asset(s) in package [/Game/FlyingBP/Blueprints/FlyingPawn] ([1] browsable assets)...
[2016.08.08-22.59.33:370][626]OBJ SavePackage:     Rendered thumbnail for [Blueprint /Game/FlyingBP/Blueprints/FlyingPawn.FlyingPawn]
[2016.08.08-22.59.33:370][626]OBJ SavePackage: Finished generating thumbnails for package [/Game/FlyingBP/Blueprints/FlyingPawn]
[2016.08.08-22.59.33:520][626]LogSavePackage: Save=146.77ms
[2016.08.08-22.59.33:520][626]LogSavePackage: Moving '../../../../../../Users/Kevin/Documents/Unreal Projects/SpaceVR/Saved/FlyingPawn_Auto3FF96843B49B5029560A21A8BA380A163.tmp' to '../../../../../../Users/Kevin/Documents/Unreal Projects/SpaceVR/Saved/Autosaves/Game/FlyingBP/Blueprints/FlyingPawn_Auto3.uasset'
[2016.08.08-22.59.33:521][626]LogSavePackage:Display: Finished SavePackage ../../../../../../Users/Kevin/Documents/Unreal Projects/SpaceVR/Saved/Autosaves/Game/FlyingBP/Blueprints/FlyingPawn_Auto3.uasset
[2016.08.08-22.59.33:521][626]LogFileHelpers: Auto-saving content packages took 0.171
[2016.08.08-23.04.54:483][923]LogEditorTransaction: Undo Move Node
[2016.08.08-23.16.46:058][217]LogSavePackage: Save=562.87ms
[2016.08.08-23.16.46:058][217]LogSavePackage: Moving '../../../../../../Users/Kevin/Documents/Unreal Projects/SpaceVR/Saved/FlyingExampleMap_Auto43767903A4B61729F006451A7584E9CDF.tmp' to '../../../../../../Users/Kevin/Documents/Unreal Projects/SpaceVR/Saved/Autosaves/Game/FlyingBP/Maps/FlyingExampleMap_Auto4.umap'
[2016.08.08-23.16.46:058][217]LogSavePackage:Display: Finished SavePackage ../../../../../../Users/Kevin/Documents/Unreal Projects/SpaceVR/Saved/Autosaves/Game/FlyingBP/Maps/FlyingExampleMap_Auto4.umap
[2016.08.08-23.16.46:060][217]LogFileHelpers: Editor autosave (incl. sublevels) for '/Game/FlyingBP/Maps/FlyingExampleMap' took 0.620
[2016.08.08-23.16.46:060][217]LogFileHelpers: Editor autosave (incl. sublevels) for all levels took 0.620
[2016.08.08-23.16.46:066][217]OBJ SavePackage: Generating thumbnails for [1] asset(s) in package [/Game/FlyingBP/Blueprints/FlyingPawn] ([1] browsable assets)...
[2016.08.08-23.16.46:099][217]OBJ SavePackage:     Rendered thumbnail for [Blueprint /Game/FlyingBP/Blueprints/FlyingPawn.FlyingPawn]
[2016.08.08-23.16.46:099][217]OBJ SavePackage: Finished generating thumbnails for package [/Game/FlyingBP/Blueprints/FlyingPawn]
[2016.08.08-23.16.46:258][217]LogSavePackage: Save=155.73ms
[2016.08.08-23.16.46:258][217]LogSavePackage: Moving '../../../../../../Users/Kevin/Documents/Unreal Projects/SpaceVR/Saved/FlyingPawn_Auto4D3E71BE54D42DC762A2577A02A4CAAB0.tmp' to '../../../../../../Users/Kevin/Documents/Unreal Projects/SpaceVR/Saved/Autosaves/Game/FlyingBP/Blueprints/FlyingPawn_Auto4.uasset'
[2016.08.08-23.16.46:259][217]LogSavePackage:Display: Finished SavePackage ../../../../../../Users/Kevin/Documents/Unreal Projects/SpaceVR/Saved/Autosaves/Game/FlyingBP/Blueprints/FlyingPawn_Auto4.uasset
[2016.08.08-23.16.46:259][217]LogFileHelpers: Auto-saving content packages took 0.198
[2016.08.08-23.26.01:174][272]BlueprintLog: New page: Compile FlyingPawn
[2016.08.08-23.26.01:257][272]LogClass:Warning: Type mismatch in StrafeCD of FlyingPawn_C - Previous (ByteProperty) Current(FloatProperty) for package:  FObjectReader
[2016.08.08-23.26.01:736][272]BlueprintEditorCompileResults: Info [3877.65] Compile of FlyingPawn successful! [in 561 ms] (/Game/FlyingBP/Blueprints/FlyingPawn.FlyingPawn)
[2016.08.08-23.26.12:483][782]Cmd: OBJ SAVEPACKAGE PACKAGE="/Game/FlyingBP/Blueprints/FlyingPawn" FILE="../../../../../../Users/Kevin/Documents/Unreal Projects/SpaceVR/Content/FlyingBP/Blueprints/FlyingPawn.uasset" SILENT=true
[2016.08.08-23.26.12:663][782]LogSavePackage: Save=174.10ms
[2016.08.08-23.26.12:663][782]LogSavePackage: Moving '../../../../../../Users/Kevin/Documents/Unreal Projects/SpaceVR/Saved/FlyingPawnFB391386416F2E073A74F3BB1EDFC546.tmp' to '../../../../../../Users/Kevin/Documents/Unreal Projects/SpaceVR/Content/FlyingBP/Blueprints/FlyingPawn.uasset'
[2016.08.08-23.26.12:665][782]LogSavePackage:Display: Finished SavePackage ../../../../../../Users/Kevin/Documents/Unreal Projects/SpaceVR/Content/FlyingBP/Blueprints/FlyingPawn.uasset
[2016.08.08-23.26.13:304][782]LogSavePackage: Save=555.93ms
[2016.08.08-23.26.13:304][782]LogSavePackage: Moving '../../../../../../Users/Kevin/Documents/Unreal Projects/SpaceVR/Saved/FlyingExampleMap8EF9B01D489A45DAC8661BB2A348E88A.tmp' to '../../../../../../Users/Kevin/Documents/Unreal Projects/SpaceVR/Content/FlyingBP/Maps/FlyingExampleMap.umap'
[2016.08.08-23.26.13:307][782]LogSavePackage:Display: Finished SavePackage ../../../../../../Users/Kevin/Documents/Unreal Projects/SpaceVR/Content/FlyingBP/Maps/FlyingExampleMap.umap
[2016.08.08-23.26.13:332][782]LogFileHelpers: Saving map 'FlyingExampleMap' took 0.665
[2016.08.08-23.26.13:387][782]LogWindowsTextInputMethodSystem:Display: IME system now deactivated.
[2016.08.08-23.26.13:572][783]Cmd: QUIT_EDITOR
[2016.08.08-23.26.13:659][783]LogExit: Preparing to exit.
[2016.08.08-23.26.14:873][783]LogExit: Editor shut down
[2016.08.08-23.26.14:874][783]LogExit: Transaction tracking system shut down
[2016.08.08-23.26.15:039][783]LogObj: Freed 0b from 0 cluster array pools.
[2016.08.08-23.26.15:039][783]LogExit: Object subsystem successfully closed.
[2016.08.08-23.26.15:058][783]LogD3D11RHI: Shutdown
[2016.08.08-23.26.15:058][783]LogD3D11RHI: CleanupD3DDevice
[2016.08.08-23.26.15:134][783]LogD3D11RHI: ~FD3D11DynamicRHI
[2016.08.08-23.26.15:146][783]LogModuleManager: Shutting down and abandoning module ExternalImagePicker (216)
[2016.08.08-23.26.15:146][783]LogModuleManager: Shutting down and abandoning module StaticMeshEditor (215)
[2016.08.08-23.26.15:146][783]LogModuleManager: Shutting down and abandoning module BlueprintGraph (214)
[2016.08.08-23.26.15:146][783]LogModuleManager: Shutting down and abandoning module HierarchicalLODOutliner (213)
[2016.08.08-23.26.15:146][783]LogModuleManager: Shutting down and abandoning module CrashTracker (212)
[2016.08.08-23.26.15:146][783]LogModuleManager: Shutting down and abandoning module SceneOutliner (211)
[2016.08.08-23.26.15:146][783]LogModuleManager: Shutting down and abandoning module WidgetCarousel (210)
[2016.08.08-23.26.15:146][783]LogModuleManager: Shutting down and abandoning module AddContentDialog (209)
[2016.08.08-23.26.15:147][783]LogModuleManager: Shutting down and abandoning module GameplayTags (208)
[2016.08.08-23.26.15:147][783]LogModuleManager: Shutting down and abandoning module EditorWidgets (207)
[2016.08.08-23.26.15:147][783]LogModuleManager: Shutting down and abandoning module CollectionManager (206)
[2016.08.08-23.26.15:147][783]LogModuleManager: Shutting down and abandoning module StatsViewer (205)
[2016.08.08-23.26.15:147][783]LogModuleManager: Shutting down and abandoning module FoliageEdit (204)
[2016.08.08-23.26.15:147][783]LogModuleManager: Shutting down and abandoning module LandscapeEditor (203)
[2016.08.08-23.26.15:148][783]LogModuleManager: Shutting down and abandoning module SceneDepthPickerMode (202)
[2016.08.08-23.26.15:148][783]LogModuleManager: Shutting down and abandoning module ActorPickerMode (201)
[2016.08.08-23.26.15:148][783]LogModuleManager: Shutting down and abandoning module GeometryMode (200)
[2016.08.08-23.26.15:148][783]LogModuleManager: Shutting down and abandoning module TextureAlignMode (199)
[2016.08.08-23.26.15:148][783]LogModuleManager: Shutting down and abandoning module BspMode (198)
[2016.08.08-23.26.15:148][783]LogModuleManager: Shutting down and abandoning module HardwareSurvey (197)
[2016.08.08-23.26.15:148][783]LogModuleManager: Shutting down and abandoning module SequenceRecorderSections (196)
[2016.08.08-23.26.15:148][783]LogModuleManager: Shutting down and abandoning module SequenceRecorder (195)
[2016.08.08-23.26.15:148][783]LogModuleManager: Shutting down and abandoning module AutomationWorker (194)
[2016.08.08-23.26.15:148][783]LogModuleManager: Shutting down and abandoning module MatineeToLevelSequence (193)
[2016.08.08-23.26.15:148][783]LogModuleManager: Shutting down and abandoning module PlacementMode (192)
[2016.08.08-23.26.15:148][783]LogModuleManager: Shutting down and abandoning module LevelSequenceEditor (191)
[2016.08.08-23.26.15:148][783]LogModuleManager: Shutting down and abandoning module CharacterAI (190)
[2016.08.08-23.26.15:148][783]LogModuleManager: Shutting down and abandoning module SmartSnapping (189)
[2016.08.08-23.26.15:148][783]LogModuleManager: Shutting down and abandoning module SessionServices (188)
[2016.08.08-23.26.15:148][783]LogModuleManager: Shutting down and abandoning module ViewportSnapping (187)
[2016.08.08-23.26.15:148][783]LogModuleManager: Shutting down and abandoning module LogVisualizer (186)
[2016.08.08-23.26.15:148][783]LogModuleManager: Shutting down and abandoning module GameProjectGeneration (185)
[2016.08.08-23.26.15:148][783]LogModuleManager: Shutting down and abandoning module IntroTutorials (184)
[2016.08.08-23.26.15:148][783]LogModuleManager: Shutting down and abandoning module EditorLiveStreaming (183)
[2016.08.08-23.26.15:148][783]LogModuleManager: Shutting down and abandoning module IOSPlatformEditor (182)
[2016.08.08-23.26.15:148][783]LogModuleManager: Shutting down and abandoning module HTML5PlatformEditor (181)
[2016.08.08-23.26.15:148][783]LogModuleManager: Shutting down and abandoning module AndroidDeviceDetection (180)
[2016.08.08-23.26.15:383][783]LogModuleManager: Shutting down and abandoning module AndroidPlatformEditor (179)
[2016.08.08-23.26.15:383][783]LogModuleManager: Shutting down and abandoning module IOSRuntimeSettings (178)
[2016.08.08-23.26.15:383][783]LogModuleManager: Shutting down and abandoning module AndroidRuntimeSettings (177)
[2016.08.08-23.26.15:383][783]LogModuleManager: Shutting down and abandoning module MergeActors (176)
[2016.08.08-23.26.15:383][783]LogModuleManager: Shutting down and abandoning module SizeMap (175)
[2016.08.08-23.26.15:383][783]LogModuleManager: Shutting down and abandoning module TreeMap (174)
[2016.08.08-23.26.15:383][783]LogModuleManager: Shutting down and abandoning module ReferenceViewer (173)
[2016.08.08-23.26.15:383][783]LogModuleManager: Shutting down and abandoning module LocalizationService (172)
[2016.08.08-23.26.15:383][783]LogModuleManager: Shutting down and abandoning module LocalizationDashboard (171)
[2016.08.08-23.26.15:383][783]LogModuleManager: Shutting down and abandoning module HardwareTargeting (170)
[2016.08.08-23.26.15:383][783]LogModuleManager: Shutting down and abandoning module DeviceProfileEditor (169)
[2016.08.08-23.26.15:383][783]LogModuleManager: Shutting down and abandoning module UndoHistory (168)
[2016.08.08-23.26.15:383][783]LogModuleManager: Shutting down and abandoning module UserFeedback (167)
[2016.08.08-23.26.15:383][783]LogModuleManager: Shutting down and abandoning module XmlParser (166)
[2016.08.08-23.26.15:383][783]LogModuleManager: Shutting down and abandoning module Blutility (165)
[2016.08.08-23.26.15:383][783]LogModuleManager: Shutting down and abandoning module ProjectTargetPlatformEditor (164)
[2016.08.08-23.26.15:383][783]LogModuleManager: Shutting down and abandoning module ProjectSettingsViewer (163)
[2016.08.08-23.26.15:383][783]LogModuleManager: Shutting down and abandoning module InputBindingEditor (162)
[2016.08.08-23.26.15:384][783]LogModuleManager: Shutting down and abandoning module EditorSettingsViewer (161)
[2016.08.08-23.26.15:384][783]LogModuleManager: Shutting down and abandoning module SettingsEditor (160)
[2016.08.08-23.26.15:384][783]LogModuleManager: Shutting down and abandoning module ProjectLauncher (159)
[2016.08.08-23.26.15:384][783]LogModuleManager: Shutting down and abandoning module SessionFrontend (158)
[2016.08.08-23.26.15:384][783]LogModuleManager: Shutting down and abandoning module ProfilerClient (157)
[2016.08.08-23.26.15:384][783]LogModuleManager: Shutting down and abandoning module TargetDeviceServices (156)
[2016.08.08-23.26.15:384][783]LogModuleManager: Shutting down and abandoning module DeviceManager (155)
[2016.08.08-23.26.15:436][783]LogModuleManager: Shutting down and abandoning module AutomationController (154)
[2016.08.08-23.26.15:436][783]LogModuleManager: Shutting down and abandoning module AutomationWindow (153)
[2016.08.08-23.26.15:436][783]LogModuleManager: Shutting down and abandoning module Layers (152)
[2016.08.08-23.26.15:436][783]LogModuleManager: Shutting down and abandoning module ComponentVisualizers (151)
[2016.08.08-23.26.15:436][783]LogModuleManager: Shutting down and abandoning module DetailCustomizations (150)
[2016.08.08-23.26.15:436][783]LogModuleManager: Shutting down and abandoning module PackagesDialog (149)
[2016.08.08-23.26.15:436][783]LogModuleManager: Shutting down and abandoning module Persona (148)
[2016.08.08-23.26.15:436][783]LogModuleManager: Shutting down and abandoning module Kismet (147)
[2016.08.08-23.26.15:436][783]LogModuleManager: Shutting down and abandoning module GraphEditor (146)
[2016.08.08-23.26.15:436][783]LogModuleManager: Shutting down and abandoning module ClassViewer (145)
[2016.08.08-23.26.15:436][783]LogModuleManager: Shutting down and abandoning module Toolbox (144)
[2016.08.08-23.26.15:436][783]LogModuleManager: Shutting down and abandoning module ModuleUI (143)
[2016.08.08-23.26.15:436][783]LogModuleManager: Shutting down and abandoning module MovieSceneTools (142)
[2016.08.08-23.26.15:436][783]LogModuleManager: Shutting down and abandoning module OutputLog (141)
[2016.08.08-23.26.15:436][783]LogModuleManager: Shutting down and abandoning module GammaUI (140)
[2016.08.08-23.26.15:436][783]LogModuleManager: Shutting down and abandoning module Documentation (139)
[2016.08.08-23.26.15:436][783]LogModuleManager: Shutting down and abandoning module StreamingPauseRendering (138)
[2016.08.08-23.26.15:436][783]LogModuleManager: Shutting down and abandoning module AnalyticsET (137)
[2016.08.08-23.26.15:436][783]LogModuleManager: Shutting down and abandoning module Analytics (136)
[2016.08.08-23.26.15:436][783]LogModuleManager: Shutting down and abandoning module PortalServices (135)
[2016.08.08-23.26.15:436][783]LogModuleManager: Shutting down and abandoning module PortalRpc (134)
[2016.08.08-23.26.15:436][783]LogModuleManager: Shutting down and abandoning module MessagingRpc (133)
[2016.08.08-23.26.15:436][783]LogModuleManager: Shutting down and abandoning module GameplayDebugger (132)
[2016.08.08-23.26.15:436][783]LogModuleManager: Shutting down and abandoning module AITestSuite (131)
[2016.08.08-23.26.15:436][783]LogModuleManager: Shutting down and abandoning module AIModule (130)
[2016.08.08-23.26.15:436][783]LogModuleManager: Shutting down and abandoning module ProfilerService (129)
[2016.08.08-23.26.15:550][783]LogModuleManager: Shutting down and abandoning module TaskGraph (128)
[2016.08.08-23.26.15:551][783]LogModuleManager: Shutting down and abandoning module SlateRemote (127)
[2016.08.08-23.26.15:551][783]LogModuleManager: Shutting down and abandoning module SteamVRController (126)
[2016.08.08-23.26.15:551][783]LogModuleManager: Shutting down and abandoning module SteamVR (125)
[2016.08.08-23.26.15:551][783]LogModuleManager: Shutting down and abandoning module ProceduralMeshComponent (124)
[2016.08.08-23.26.15:551][783]LogModuleManager: Shutting down and abandoning module OculusLibrary (123)
[2016.08.08-23.26.15:551][783]LogModuleManager: Shutting down and abandoning module OculusInput (122)
[2016.08.08-23.26.15:551][783]LogModuleManager: Shutting down and abandoning module CustomMeshComponent (121)
[2016.08.08-23.26.15:551][783]LogModuleManager: Shutting down and abandoning module CableComponent (120)
[2016.08.08-23.26.15:551][783]LogModuleManager: Shutting down and abandoning module ArchVisCharacter (119)
[2016.08.08-23.26.15:551][783]LogModuleManager: Shutting down and abandoning module MediaPlayerEditor (118)
[2016.08.08-23.26.15:551][783]LogModuleManager: Shutting down and abandoning module HTML5Networking (117)
[2016.08.08-23.26.15:551][783]LogModuleManager: Shutting down and abandoning module SuperSearch (116)
[2016.08.08-23.26.15:551][783]LogModuleManager: Shutting down and abandoning module SuperSearchEditor (115)
[2016.08.08-23.26.15:551][783]LogModuleManager: Shutting down and abandoning module SpeedTreeImporter (114)
[2016.08.08-23.26.15:551][783]LogModuleManager: Shutting down and abandoning module PluginBrowser (113)
[2016.08.08-23.26.15:551][783]LogModuleManager: Shutting down and abandoning module EpicSurvey (112)
[2016.08.08-23.26.15:551][783]LogModuleManager: Shutting down and abandoning module DesktopPlatform (111)
[2016.08.08-23.26.15:551][783]LogModuleManager: Shutting down and abandoning module VisualStudioSourceCodeAccess (110)
[2016.08.08-23.26.15:551][783]LogModuleManager: Shutting down and abandoning module UObjectPlugin (109)
[2016.08.08-23.26.15:551][783]LogModuleManager: Shutting down and abandoning module SubversionSourceControl (108)
[2016.08.08-23.26.15:551][783]LogModuleManager: Shutting down and abandoning module PerforceSourceControl (107)
[2016.08.08-23.26.15:551][783]LogModuleManager: Shutting down and abandoning module SourceControl (106)
[2016.08.08-23.26.15:551][783]LogModuleManager: Shutting down and abandoning module GitSourceControl (105)
[2016.08.08-23.26.15:551][783]LogModuleManager: Shutting down and abandoning module LightPropagationVolumeEditor (104)
[2016.08.08-23.26.15:551][783]LogModuleManager: Shutting down and abandoning module PaperTiledImporter (103)
[2016.08.08-23.26.15:551][783]LogModuleManager: Shutting down and abandoning module PaperSpriteSheetImporter (102)
[2016.08.08-23.26.15:551][783]LogModuleManager: Shutting down and abandoning module MeshPaint (101)
[2016.08.08-23.26.15:551][783]LogModuleManager: Shutting down and abandoning module PixelInspectorModule (100)
[2016.08.08-23.26.15:552][783]LogModuleManager: Shutting down and abandoning module HotReload (99)
[2016.08.08-23.26.15:552][783]LogModuleManager: Shutting down and abandoning module MainFrame (98)
[2016.08.08-23.26.15:552][783]LogModuleManager: Shutting down and abandoning module LevelEditor (97)
[2016.08.08-23.26.15:553][783]LogModuleManager: Shutting down and abandoning module ContentBrowser (96)
[2016.08.08-23.26.15:555][783]LogModuleManager: Shutting down and abandoning module Paper2DEditor (95)
[2016.08.08-23.26.15:555][783]LogModuleManager: Shutting down and abandoning module UdpMessaging (94)
[2016.08.08-23.26.15:656][783]LogModuleManager: Shutting down and abandoning module LightPropagationVolumeRuntime (93)
[2016.08.08-23.26.15:656][783]LogModuleManager: Shutting down and abandoning module Paper2D (92)
[2016.08.08-23.26.15:656][783]LogModuleManager: Shutting down and abandoning module WindowsMoviePlayer (91)
[2016.08.08-23.26.15:656][783]LogModuleManager: Shutting down and abandoning module Media (90)
[2016.08.08-23.26.15:656][783]LogModuleManager: Shutting down and abandoning module WmfMedia (89)
[2016.08.08-23.26.15:656][783]LogModuleManager: Shutting down and abandoning module MediaAssets (88)
[2016.08.08-23.26.15:656][783]LogModuleManager: Shutting down and abandoning module GameLiveStreaming (87)
[2016.08.08-23.26.15:656][783]LogModuleManager: Shutting down and abandoning module GameplayTagsEditor (86)
[2016.08.08-23.26.15:656][783]LogModuleManager: Shutting down and abandoning module OnlineBlueprintSupport (85)
[2016.08.08-23.26.15:656][783]LogModuleManager: Shutting down and abandoning module VREditor (84)
[2016.08.08-23.26.15:656][783]LogModuleManager: Shutting down and abandoning module GameplayTasksEditor (83)
[2016.08.08-23.26.15:656][783]LogModuleManager: Shutting down and abandoning module PropertyEditor (82)
[2016.08.08-23.26.15:656][783]LogModuleManager: Shutting down and abandoning module BehaviorTreeEditor (81)
[2016.08.08-23.26.15:657][783]LogModuleManager: Shutting down and abandoning module FunctionalTesting (80)
[2016.08.08-23.26.15:657][783]LogModuleManager: Shutting down and abandoning module CollisionAnalyzer (79)
[2016.08.08-23.26.15:657][783]LogModuleManager: Shutting down and abandoning module Sequencer (78)
[2016.08.08-23.26.15:657][783]LogModuleManager: Shutting down and abandoning module WorkspaceMenuStructure (77)
[2016.08.08-23.26.15:657][783]LogModuleManager: Shutting down and abandoning module MessageLog (76)
[2016.08.08-23.26.15:657][783]LogModuleManager: Shutting down and abandoning module AssetTools (75)
[2016.08.08-23.26.15:657][783]LogModuleManager: Shutting down and abandoning module UMGEditor (74)
[2016.08.08-23.26.15:657][783]LogModuleManager: Shutting down and abandoning module UMG (73)
[2016.08.08-23.26.15:657][783]LogModuleManager: Shutting down and abandoning module SlateReflector (72)
[2016.08.08-23.26.15:657][783]LogModuleManager: Shutting down and abandoning module Slate (71)
[2016.08.08-23.26.15:657][783]LogModuleManager: Shutting down and abandoning module EditorStyle (70)
[2016.08.08-23.26.15:662][783]LogModuleManager: Shutting down and abandoning module SourceCodeAccess (69)
[2016.08.08-23.26.15:662][783]LogModuleManager: Shutting down and abandoning module HeadMountedDisplay (68)
[2016.08.08-23.26.15:662][783]LogModuleManager: Shutting down and abandoning module XAudio2 (67)
[2016.08.08-23.26.15:662][783]LogModuleManager: Shutting down and abandoning module Networking (65)
[2016.08.08-23.26.15:662][783]LogModuleManager: Shutting down and abandoning module Core (64)
[2016.08.08-23.26.15:662][783]LogModuleManager: Shutting down and abandoning module DirectoryWatcher (63)
[2016.08.08-23.26.15:663][783]LogModuleManager: Shutting down and abandoning module AssetRegistry (62)
[2016.08.08-23.26.15:803][783]LogModuleManager: Shutting down and abandoning module KismetCompiler (61)
[2016.08.08-23.26.15:803][783]LogModuleManager: Shutting down and abandoning module PhysXFormats (60)
[2016.08.08-23.26.15:803][783]LogModuleManager: Shutting down and abandoning module MeshUtilities (59)
[2016.08.08-23.26.15:803][783]LogModuleManager: Shutting down and abandoning module DerivedDataCache (58)
[2016.08.08-23.26.15:808][783]LogDerivedDataCache: Shutdown
[2016.08.08-23.26.15:808][783]LogModuleManager: Shutting down and abandoning module VulkanShaderFormat (57)
[2016.08.08-23.26.15:808][783]LogModuleManager: Shutting down and abandoning module ShaderFormatOpenGL (56)
[2016.08.08-23.26.15:808][783]LogModuleManager: Shutting down and abandoning module ShaderFormatD3D (55)
[2016.08.08-23.26.15:808][783]LogModuleManager: Shutting down and abandoning module MetalShaderFormat (54)
[2016.08.08-23.26.15:809][783]LogModuleManager: Shutting down and abandoning module TextureFormatUncompressed (53)
[2016.08.08-23.26.15:809][783]LogModuleManager: Shutting down and abandoning module TextureFormatPVR (52)
[2016.08.08-23.26.15:809][783]LogModuleManager: Shutting down and abandoning module TextureFormatIntelISPCTexComp (51)
[2016.08.08-23.26.15:809][783]LogModuleManager: Shutting down and abandoning module TextureFormatDXT (50)
[2016.08.08-23.26.15:809][783]LogModuleManager: Shutting down and abandoning module ImageWrapper (49)
[2016.08.08-23.26.15:809][783]LogModuleManager: Shutting down and abandoning module TextureFormatASTC (48)
[2016.08.08-23.26.15:809][783]LogModuleManager: Shutting down and abandoning module TextureFormatAndroid (47)
[2016.08.08-23.26.15:809][783]LogModuleManager: Shutting down and abandoning module AudioFormatOpus (46)
[2016.08.08-23.26.15:809][783]LogModuleManager: Shutting down and abandoning module AudioFormatOgg (45)
[2016.08.08-23.26.15:809][783]LogModuleManager: Shutting down and abandoning module AudioFormatADPCM (44)
[2016.08.08-23.26.15:809][783]LogModuleManager: Shutting down and abandoning module LinuxTargetPlatform (43)
[2016.08.08-23.26.15:809][783]LogModuleManager: Shutting down and abandoning module LinuxServerTargetPlatform (42)
[2016.08.08-23.26.15:809][783]LogModuleManager: Shutting down and abandoning module LinuxNoEditorTargetPlatform (41)
[2016.08.08-23.26.15:809][783]LogModuleManager: Shutting down and abandoning module TVOSTargetPlatform (40)
[2016.08.08-23.26.15:809][783]LogModuleManager: Shutting down and abandoning module Messaging (39)
[2016.08.08-23.26.15:809][783]LogModuleManager: Shutting down and abandoning module IOSTargetPlatform (38)
[2016.08.08-23.26.15:809][783]LogModuleManager: Shutting down and abandoning module HTML5TargetPlatform (37)
[2016.08.08-23.26.15:809][783]LogModuleManager: Shutting down and abandoning module Android_PVRTCTargetPlatform (36)
[2016.08.08-23.26.15:809][783]LogModuleManager: Shutting down and abandoning module Android_MultiTargetPlatform (35)
[2016.08.08-23.26.15:809][783]LogModuleManager: Shutting down and abandoning module Android_ETC2TargetPlatform (34)
[2016.08.08-23.26.15:809][783]LogModuleManager: Shutting down and abandoning module Android_ETC1TargetPlatform (33)
[2016.08.08-23.26.15:809][783]LogModuleManager: Shutting down and abandoning module Android_DXTTargetPlatform (32)
[2016.08.08-23.26.15:809][783]LogModuleManager: Shutting down and abandoning module Android_ATCTargetPlatform (31)
[2016.08.08-23.26.15:809][783]LogModuleManager: Shutting down and abandoning module Android_ASTCTargetPlatform (30)
[2016.08.08-23.26.15:809][783]LogModuleManager: Shutting down and abandoning module AndroidTargetPlatform (29)
[2016.08.08-23.26.15:809][783]LogModuleManager: Shutting down and abandoning module WindowsTargetPlatform (28)
[2016.08.08-23.26.15:809][783]LogModuleManager: Shutting down and abandoning module WindowsServerTargetPlatform (27)
[2016.08.08-23.26.15:809][783]LogModuleManager: Shutting down and abandoning module WindowsNoEditorTargetPlatform (26)
[2016.08.08-23.26.15:809][783]LogModuleManager: Shutting down and abandoning module WindowsClientTargetPlatform (25)
[2016.08.08-23.26.15:809][783]LogModuleManager: Shutting down and abandoning module AllDesktopTargetPlatform (24)
[2016.08.08-23.26.15:809][783]LogModuleManager: Shutting down and abandoning module TargetPlatform (23)
[2016.08.08-23.26.15:809][783]LogModuleManager: Shutting down and abandoning module InputCore (22)
[2016.08.08-23.26.15:809][783]LogModuleManager: Shutting down and abandoning module Settings (21)
[2016.08.08-23.26.15:810][783]LogModuleManager: Shutting down and abandoning module OnlineSubsystem (19)
[2016.08.08-23.26.15:810][783]LogModuleManager: Shutting down and abandoning module HTTP (18)
[2016.08.08-23.26.17:313][783]LogModuleManager: Shutting down and abandoning module XMPP (17)
[2016.08.08-23.26.17:313][783]LogModuleManager: Shutting down and abandoning module OculusRift (16)
[2016.08.08-23.26.17:313][783]LogModuleManager: Shutting down and abandoning module ExampleDeviceProfileSelector (15)
[2016.08.08-23.26.17:313][783]LogModuleManager: Shutting down and abandoning module TextureCompressor (14)
[2016.08.08-23.26.17:313][783]LogModuleManager: Shutting down and abandoning module ShaderCore (13)
[2016.08.08-23.26.17:313][783]LogModuleManager: Shutting down and abandoning module Landscape (12)
[2016.08.08-23.26.17:313][783]LogModuleManager: Shutting down and abandoning module SlateRHIRenderer (11)
[2016.08.08-23.26.17:316][783]LogModuleManager: Shutting down and abandoning module OpenGLDrv (10)
[2016.08.08-23.26.17:316][783]LogModuleManager: Shutting down and abandoning module D3D11RHI (9)
[2016.08.08-23.26.17:316][783]LogModuleManager: Shutting down and abandoning module AnimGraphRuntime (8)
[2016.08.08-23.26.17:316][783]LogModuleManager: Shutting down and abandoning module Renderer (7)
[2016.08.08-23.26.17:316][783]LogModuleManager: Shutting down and abandoning module Engine (6)
[2016.08.08-23.26.17:316][783]LogModuleManager: Shutting down and abandoning module CoreUObject (5)
[2016.08.08-23.26.17:316][783]LogModuleManager: Shutting down and abandoning module NetworkFile (4)
[2016.08.08-23.26.17:316][783]LogModuleManager: Shutting down and abandoning module StreamingFile (3)
[2016.08.08-23.26.17:316][783]LogModuleManager: Shutting down and abandoning module SandboxFile (2)
[2016.08.08-23.26.17:316][783]LogModuleManager: Shutting down and abandoning module PakFile (1)
[2016.08.08-23.26.17:317][783]LogExit: Exiting.
[2016.08.08-23.26.17:328][783]Log file closed, 08/08/16 19:26:17
